{"/home/chris/domain-model/DDD_Artefacts/code/shared/domain/Address.ts": {"path":"/home/chris/domain-model/DDD_Artefacts/code/shared/domain/Address.ts","statementMap":{"0":{"start":{"line":1,"column":0},"end":{"line":1,"column":44}},"1":{"start":{"line":2,"column":0},"end":{"line":2,"column":58}},"2":{"start":{"line":3,"column":0},"end":{"line":3,"column":38}},"3":{"start":{"line":16,"column":4},"end":{"line":16,"column":29}},"4":{"start":{"line":20,"column":4},"end":{"line":20,"column":27}},"5":{"start":{"line":24,"column":4},"end":{"line":24,"column":28}},"6":{"start":{"line":28,"column":4},"end":{"line":28,"column":33}},"7":{"start":{"line":32,"column":4},"end":{"line":32,"column":30}},"8":{"start":{"line":36,"column":4},"end":{"line":36,"column":37}},"9":{"start":{"line":40,"column":4},"end":{"line":40,"column":17}},"10":{"start":{"line":44,"column":24},"end":{"line":48,"column":6}},"11":{"start":{"line":50,"column":4},"end":{"line":52,"column":null}},"12":{"start":{"line":51,"column":6},"end":{"line":51,"column":43}},"13":{"start":{"line":54,"column":4},"end":{"line":54,"column":39}},"14":{"start":{"line":58,"column":24},"end":{"line":58,"column":66}},"15":{"start":{"line":60,"column":4},"end":{"line":62,"column":null}},"16":{"start":{"line":61,"column":6},"end":{"line":61,"column":47}},"17":{"start":{"line":64,"column":4},"end":{"line":66,"column":null}},"18":{"start":{"line":65,"column":6},"end":{"line":65,"column":51}},"19":{"start":{"line":68,"column":4},"end":{"line":68,"column":47}},"20":{"start":{"line":70,"column":4},"end":{"line":72,"column":null}},"21":{"start":{"line":71,"column":6},"end":{"line":71,"column":57}},"22":{"start":{"line":74,"column":4},"end":{"line":74,"column":25}},"23":{"start":{"line":14,"column":0},"end":{"line":14,"column":13}}},"fnMap":{"0":{"name":"(anonymous_0)","decl":{"start":{"line":15,"column":2},"end":{"line":15,"column":6}},"loc":{"start":{"line":15,"column":12},"end":{"line":17,"column":3}}},"1":{"name":"(anonymous_1)","decl":{"start":{"line":19,"column":2},"end":{"line":19,"column":6}},"loc":{"start":{"line":19,"column":10},"end":{"line":21,"column":3}}},"2":{"name":"(anonymous_2)","decl":{"start":{"line":23,"column":2},"end":{"line":23,"column":6}},"loc":{"start":{"line":23,"column":11},"end":{"line":25,"column":3}}},"3":{"name":"(anonymous_3)","decl":{"start":{"line":27,"column":2},"end":{"line":27,"column":6}},"loc":{"start":{"line":27,"column":16},"end":{"line":29,"column":3}}},"4":{"name":"(anonymous_4)","decl":{"start":{"line":31,"column":2},"end":{"line":31,"column":6}},"loc":{"start":{"line":31,"column":13},"end":{"line":33,"column":3}}},"5":{"name":"(anonymous_5)","decl":{"start":{"line":35,"column":2},"end":{"line":35,"column":6}},"loc":{"start":{"line":35,"column":20},"end":{"line":37,"column":3}}},"6":{"name":"(anonymous_6)","decl":{"start":{"line":39,"column":2},"end":{"line":39,"column":22}},"loc":{"start":{"line":39,"column":41},"end":{"line":41,"column":3}}},"7":{"name":"(anonymous_7)","decl":{"start":{"line":43,"column":9},"end":{"line":43,"column":15}},"loc":{"start":{"line":43,"column":42},"end":{"line":55,"column":3}}},"8":{"name":"(anonymous_8)","decl":{"start":{"line":57,"column":9},"end":{"line":57,"column":17}},"loc":{"start":{"line":57,"column":17},"end":{"line":75,"column":3}}}},"branchMap":{"0":{"loc":{"start":{"line":50,"column":4},"end":{"line":52,"column":null}},"type":"if","locations":[{"start":{"line":50,"column":4},"end":{"line":52,"column":null}}]},"1":{"loc":{"start":{"line":60,"column":4},"end":{"line":62,"column":null}},"type":"if","locations":[{"start":{"line":60,"column":4},"end":{"line":62,"column":null}}]},"2":{"loc":{"start":{"line":64,"column":4},"end":{"line":66,"column":null}},"type":"if","locations":[{"start":{"line":64,"column":4},"end":{"line":66,"column":null}}]},"3":{"loc":{"start":{"line":70,"column":4},"end":{"line":72,"column":null}},"type":"if","locations":[{"start":{"line":70,"column":4},"end":{"line":72,"column":null}}]}},"s":{"0":0,"1":0,"2":0,"3":0,"4":0,"5":0,"6":0,"7":0,"8":0,"9":0,"10":0,"11":0,"12":0,"13":0,"14":0,"15":0,"16":0,"17":0,"18":0,"19":0,"20":0,"21":0,"22":0,"23":0},"f":{"0":0,"1":0,"2":0,"3":0,"4":0,"5":0,"6":0,"7":0,"8":0},"b":{"0":[0],"1":[0],"2":[0],"3":[0]}}
,"/home/chris/domain-model/DDD_Artefacts/code/shared/domain/AggregateRoot.ts": {"path":"/home/chris/domain-model/DDD_Artefacts/code/shared/domain/AggregateRoot.ts","statementMap":{"0":{"start":{"line":2,"column":0},"end":{"line":2,"column":50}},"1":{"start":{"line":5,"column":10},"end":{"line":5,"column":44}},"2":{"start":{"line":10,"column":4},"end":{"line":10,"column":42}},"3":{"start":{"line":11,"column":4},"end":{"line":11,"column":23}},"4":{"start":{"line":15,"column":4},"end":{"line":15,"column":31}},"5":{"start":{"line":19,"column":4},"end":{"line":19,"column":35}},"6":{"start":{"line":23,"column":4},"end":{"line":23,"column":41}},"7":{"start":{"line":27,"column":4},"end":{"line":27,"column":28}},"8":{"start":{"line":31,"column":4},"end":{"line":33,"column":null}},"9":{"start":{"line":32,"column":6},"end":{"line":32,"column":19}},"10":{"start":{"line":35,"column":4},"end":{"line":37,"column":null}},"11":{"start":{"line":36,"column":6},"end":{"line":36,"column":18}},"12":{"start":{"line":39,"column":4},"end":{"line":41,"column":null}},"13":{"start":{"line":40,"column":6},"end":{"line":40,"column":19}},"14":{"start":{"line":43,"column":4},"end":{"line":43,"column":39}},"15":{"start":{"line":4,"column":0},"end":{"line":4,"column":22}}},"fnMap":{"0":{"name":"(anonymous_0)","decl":{"start":{"line":9,"column":2},"end":{"line":9,"column":14}},"loc":{"start":{"line":9,"column":43},"end":{"line":12,"column":3}}},"1":{"name":"(anonymous_1)","decl":{"start":{"line":14,"column":2},"end":{"line":14,"column":6}},"loc":{"start":{"line":14,"column":8},"end":{"line":16,"column":3}}},"2":{"name":"(anonymous_2)","decl":{"start":{"line":18,"column":2},"end":{"line":18,"column":6}},"loc":{"start":{"line":18,"column":18},"end":{"line":20,"column":3}}},"3":{"name":"(anonymous_3)","decl":{"start":{"line":22,"column":12},"end":{"line":22,"column":26}},"loc":{"start":{"line":22,"column":51},"end":{"line":24,"column":3}}},"4":{"name":"(anonymous_4)","decl":{"start":{"line":26,"column":9},"end":{"line":26,"column":20}},"loc":{"start":{"line":26,"column":20},"end":{"line":28,"column":3}}},"5":{"name":"(anonymous_5)","decl":{"start":{"line":30,"column":9},"end":{"line":30,"column":15}},"loc":{"start":{"line":30,"column":41},"end":{"line":44,"column":3}}}},"branchMap":{"0":{"loc":{"start":{"line":10,"column":15},"end":{"line":10,"column":41}},"type":"binary-expr","locations":[{"start":{"line":10,"column":15},"end":{"line":10,"column":17}},{"start":{"line":10,"column":21},"end":{"line":10,"column":41}}]},"1":{"loc":{"start":{"line":31,"column":4},"end":{"line":33,"column":null}},"type":"if","locations":[{"start":{"line":31,"column":4},"end":{"line":33,"column":null}}]},"2":{"loc":{"start":{"line":31,"column":8},"end":{"line":31,"column":45}},"type":"binary-expr","locations":[{"start":{"line":31,"column":8},"end":{"line":31,"column":22}},{"start":{"line":31,"column":26},"end":{"line":31,"column":45}}]},"3":{"loc":{"start":{"line":35,"column":4},"end":{"line":37,"column":null}},"type":"if","locations":[{"start":{"line":35,"column":4},"end":{"line":37,"column":null}}]},"4":{"loc":{"start":{"line":39,"column":4},"end":{"line":41,"column":null}},"type":"if","locations":[{"start":{"line":39,"column":4},"end":{"line":41,"column":null}}]}},"s":{"0":0,"1":0,"2":0,"3":0,"4":0,"5":0,"6":0,"7":0,"8":0,"9":0,"10":0,"11":0,"12":0,"13":0,"14":0,"15":0},"f":{"0":0,"1":0,"2":0,"3":0,"4":0,"5":0},"b":{"0":[0,0],"1":[0],"2":[0,0],"3":[0],"4":[0]}}
,"/home/chris/domain-model/DDD_Artefacts/code/shared/domain/Clock.ts": {"path":"/home/chris/domain-model/DDD_Artefacts/code/shared/domain/Clock.ts","statementMap":{"0":{"start":{"line":19,"column":4},"end":{"line":19,"column":22}},"1":{"start":{"line":17,"column":0},"end":{"line":17,"column":13}},"2":{"start":{"line":31,"column":4},"end":{"line":31,"column":49}},"3":{"start":{"line":38,"column":4},"end":{"line":38,"column":38}},"4":{"start":{"line":45,"column":4},"end":{"line":45,"column":75}},"5":{"start":{"line":52,"column":4},"end":{"line":52,"column":37}},"6":{"start":{"line":59,"column":4},"end":{"line":59,"column":42}},"7":{"start":{"line":66,"column":4},"end":{"line":66,"column":45}},"8":{"start":{"line":73,"column":4},"end":{"line":73,"column":49}},"9":{"start":{"line":80,"column":4},"end":{"line":80,"column":38}},"10":{"start":{"line":27,"column":0},"end":{"line":27,"column":13}}},"fnMap":{"0":{"name":"(anonymous_0)","decl":{"start":{"line":18,"column":2},"end":{"line":18,"column":5}},"loc":{"start":{"line":18,"column":5},"end":{"line":20,"column":3}}},"1":{"name":"(anonymous_1)","decl":{"start":{"line":30,"column":2},"end":{"line":30,"column":14}},"loc":{"start":{"line":30,"column":32},"end":{"line":32,"column":3}}},"2":{"name":"(anonymous_2)","decl":{"start":{"line":37,"column":2},"end":{"line":37,"column":5}},"loc":{"start":{"line":37,"column":5},"end":{"line":39,"column":3}}},"3":{"name":"(anonymous_3)","decl":{"start":{"line":44,"column":2},"end":{"line":44,"column":13}},"loc":{"start":{"line":44,"column":34},"end":{"line":46,"column":3}}},"4":{"name":"(anonymous_4)","decl":{"start":{"line":51,"column":2},"end":{"line":51,"column":22}},"loc":{"start":{"line":51,"column":38},"end":{"line":53,"column":3}}},"5":{"name":"(anonymous_5)","decl":{"start":{"line":58,"column":2},"end":{"line":58,"column":22}},"loc":{"start":{"line":58,"column":38},"end":{"line":60,"column":3}}},"6":{"name":"(anonymous_6)","decl":{"start":{"line":65,"column":2},"end":{"line":65,"column":20}},"loc":{"start":{"line":65,"column":34},"end":{"line":67,"column":3}}},"7":{"name":"(anonymous_7)","decl":{"start":{"line":72,"column":2},"end":{"line":72,"column":19}},"loc":{"start":{"line":72,"column":32},"end":{"line":74,"column":3}}},"8":{"name":"(anonymous_8)","decl":{"start":{"line":79,"column":2},"end":{"line":79,"column":16}},"loc":{"start":{"line":79,"column":27},"end":{"line":81,"column":3}}}},"branchMap":{"0":{"loc":{"start":{"line":31,"column":23},"end":{"line":31,"column":48}},"type":"binary-expr","locations":[{"start":{"line":31,"column":23},"end":{"line":31,"column":34}},{"start":{"line":31,"column":38},"end":{"line":31,"column":48}}]}},"s":{"0":1379,"1":3,"2":24,"3":33,"4":2,"5":0,"6":2,"7":0,"8":0,"9":0,"10":3},"f":{"0":1379,"1":24,"2":33,"3":2,"4":0,"5":2,"6":0,"7":0,"8":0},"b":{"0":[24,0]}}
,"/home/chris/domain-model/DDD_Artefacts/code/shared/domain/Money.ts": {"path":"/home/chris/domain-model/DDD_Artefacts/code/shared/domain/Money.ts","statementMap":{"0":{"start":{"line":1,"column":0},"end":{"line":1,"column":44}},"1":{"start":{"line":2,"column":0},"end":{"line":2,"column":58}},"2":{"start":{"line":3,"column":0},"end":{"line":3,"column":38}},"3":{"start":{"line":16,"column":4},"end":{"line":16,"column":29}},"4":{"start":{"line":20,"column":4},"end":{"line":20,"column":31}},"5":{"start":{"line":24,"column":4},"end":{"line":24,"column":64}},"6":{"start":{"line":28,"column":4},"end":{"line":28,"column":35}},"7":{"start":{"line":29,"column":22},"end":{"line":29,"column":61}},"8":{"start":{"line":30,"column":4},"end":{"line":30,"column":50}},"9":{"start":{"line":34,"column":4},"end":{"line":34,"column":35}},"10":{"start":{"line":35,"column":22},"end":{"line":35,"column":61}},"11":{"start":{"line":36,"column":4},"end":{"line":36,"column":50}},"12":{"start":{"line":40,"column":22},"end":{"line":40,"column":59}},"13":{"start":{"line":41,"column":4},"end":{"line":41,"column":50}},"14":{"start":{"line":45,"column":4},"end":{"line":47,"column":null}},"15":{"start":{"line":46,"column":6},"end":{"line":46,"column":41}},"16":{"start":{"line":48,"column":22},"end":{"line":48,"column":56}},"17":{"start":{"line":49,"column":4},"end":{"line":49,"column":50}},"18":{"start":{"line":53,"column":4},"end":{"line":53,"column":27}},"19":{"start":{"line":57,"column":4},"end":{"line":57,"column":27}},"20":{"start":{"line":61,"column":4},"end":{"line":61,"column":29}},"21":{"start":{"line":65,"column":4},"end":{"line":68,"column":6}},"22":{"start":{"line":72,"column":4},"end":{"line":75,"column":6}},"23":{"start":{"line":79,"column":4},"end":{"line":79,"column":75}},"24":{"start":{"line":83,"column":4},"end":{"line":85,"column":null}},"25":{"start":{"line":84,"column":6},"end":{"line":84,"column":82}},"26":{"start":{"line":89,"column":24},"end":{"line":92,"column":6}},"27":{"start":{"line":94,"column":4},"end":{"line":96,"column":null}},"28":{"start":{"line":95,"column":6},"end":{"line":95,"column":43}},"29":{"start":{"line":98,"column":4},"end":{"line":100,"column":null}},"30":{"start":{"line":99,"column":6},"end":{"line":99,"column":55}},"31":{"start":{"line":102,"column":4},"end":{"line":104,"column":null}},"32":{"start":{"line":103,"column":6},"end":{"line":103,"column":60}},"33":{"start":{"line":106,"column":4},"end":{"line":110,"column":null}},"34":{"start":{"line":107,"column":6},"end":{"line":109,"column":8}},"35":{"start":{"line":113,"column":26},"end":{"line":113,"column":44}},"36":{"start":{"line":115,"column":4},"end":{"line":120,"column":6}},"37":{"start":{"line":124,"column":4},"end":{"line":127,"column":7}},"38":{"start":{"line":10,"column":0},"end":{"line":10,"column":13}},"39":{"start":{"line":11,"column":17},"end":{"line":11,"column":72}},"40":{"start":{"line":12,"column":17},"end":{"line":12,"column":36}},"41":{"start":{"line":13,"column":17},"end":{"line":13,"column":63}}},"fnMap":{"0":{"name":"(anonymous_0)","decl":{"start":{"line":15,"column":2},"end":{"line":15,"column":6}},"loc":{"start":{"line":15,"column":12},"end":{"line":17,"column":3}}},"1":{"name":"(anonymous_1)","decl":{"start":{"line":19,"column":2},"end":{"line":19,"column":6}},"loc":{"start":{"line":19,"column":14},"end":{"line":21,"column":3}}},"2":{"name":"(anonymous_2)","decl":{"start":{"line":23,"column":10},"end":{"line":23,"column":16}},"loc":{"start":{"line":23,"column":37},"end":{"line":25,"column":3}}},"3":{"name":"(anonymous_3)","decl":{"start":{"line":27,"column":9},"end":{"line":27,"column":12}},"loc":{"start":{"line":27,"column":25},"end":{"line":31,"column":3}}},"4":{"name":"(anonymous_4)","decl":{"start":{"line":33,"column":9},"end":{"line":33,"column":17}},"loc":{"start":{"line":33,"column":30},"end":{"line":37,"column":3}}},"5":{"name":"(anonymous_5)","decl":{"start":{"line":39,"column":9},"end":{"line":39,"column":17}},"loc":{"start":{"line":39,"column":36},"end":{"line":42,"column":3}}},"6":{"name":"(anonymous_6)","decl":{"start":{"line":44,"column":9},"end":{"line":44,"column":15}},"loc":{"start":{"line":44,"column":31},"end":{"line":50,"column":3}}},"7":{"name":"(anonymous_7)","decl":{"start":{"line":52,"column":9},"end":{"line":52,"column":19}},"loc":{"start":{"line":52,"column":19},"end":{"line":54,"column":3}}},"8":{"name":"(anonymous_8)","decl":{"start":{"line":56,"column":9},"end":{"line":56,"column":19}},"loc":{"start":{"line":56,"column":19},"end":{"line":58,"column":3}}},"9":{"name":"(anonymous_9)","decl":{"start":{"line":60,"column":9},"end":{"line":60,"column":15}},"loc":{"start":{"line":60,"column":15},"end":{"line":62,"column":3}}},"10":{"name":"(anonymous_10)","decl":{"start":{"line":64,"column":9},"end":{"line":64,"column":15}},"loc":{"start":{"line":64,"column":28},"end":{"line":69,"column":3}}},"11":{"name":"(anonymous_11)","decl":{"start":{"line":71,"column":9},"end":{"line":71,"column":15}},"loc":{"start":{"line":71,"column":15},"end":{"line":76,"column":3}}},"12":{"name":"(anonymous_12)","decl":{"start":{"line":78,"column":9},"end":{"line":78,"column":17}},"loc":{"start":{"line":78,"column":17},"end":{"line":80,"column":3}}},"13":{"name":"(anonymous_13)","decl":{"start":{"line":82,"column":10},"end":{"line":82,"column":28}},"loc":{"start":{"line":82,"column":41},"end":{"line":86,"column":3}}},"14":{"name":"(anonymous_14)","decl":{"start":{"line":88,"column":9},"end":{"line":88,"column":15}},"loc":{"start":{"line":88,"column":55},"end":{"line":121,"column":3}}},"15":{"name":"(anonymous_15)","decl":{"start":{"line":123,"column":9},"end":{"line":123,"column":15}},"loc":{"start":{"line":123,"column":45},"end":{"line":128,"column":3}}}},"branchMap":{"0":{"loc":{"start":{"line":45,"column":4},"end":{"line":47,"column":null}},"type":"if","locations":[{"start":{"line":45,"column":4},"end":{"line":47,"column":null}}]},"1":{"loc":{"start":{"line":66,"column":6},"end":{"line":67,"column":34}},"type":"binary-expr","locations":[{"start":{"line":66,"column":6},"end":{"line":66,"column":38}},{"start":{"line":67,"column":6},"end":{"line":67,"column":34}}]},"2":{"loc":{"start":{"line":83,"column":4},"end":{"line":85,"column":null}},"type":"if","locations":[{"start":{"line":83,"column":4},"end":{"line":85,"column":null}}]},"3":{"loc":{"start":{"line":94,"column":4},"end":{"line":96,"column":null}},"type":"if","locations":[{"start":{"line":94,"column":4},"end":{"line":96,"column":null}}]},"4":{"loc":{"start":{"line":98,"column":4},"end":{"line":100,"column":null}},"type":"if","locations":[{"start":{"line":98,"column":4},"end":{"line":100,"column":null}}]},"5":{"loc":{"start":{"line":102,"column":4},"end":{"line":104,"column":null}},"type":"if","locations":[{"start":{"line":102,"column":4},"end":{"line":104,"column":null}}]},"6":{"loc":{"start":{"line":102,"column":8},"end":{"line":102,"column":68}},"type":"binary-expr","locations":[{"start":{"line":102,"column":8},"end":{"line":102,"column":36}},{"start":{"line":102,"column":40},"end":{"line":102,"column":68}}]},"7":{"loc":{"start":{"line":106,"column":4},"end":{"line":110,"column":null}},"type":"if","locations":[{"start":{"line":106,"column":4},"end":{"line":110,"column":null}}]},"8":{"loc":{"start":{"line":123,"column":21},"end":{"line":123,"column":45}},"type":"default-arg","locations":[{"start":{"line":123,"column":40},"end":{"line":123,"column":45}}]}},"s":{"0":0,"1":0,"2":0,"3":0,"4":0,"5":0,"6":0,"7":0,"8":0,"9":0,"10":0,"11":0,"12":0,"13":0,"14":0,"15":0,"16":0,"17":0,"18":0,"19":0,"20":0,"21":0,"22":0,"23":0,"24":0,"25":0,"26":0,"27":0,"28":0,"29":0,"30":0,"31":0,"32":0,"33":0,"34":0,"35":0,"36":0,"37":0,"38":0,"39":0,"40":0,"41":0},"f":{"0":0,"1":0,"2":0,"3":0,"4":0,"5":0,"6":0,"7":0,"8":0,"9":0,"10":0,"11":0,"12":0,"13":0,"14":0,"15":0},"b":{"0":[0],"1":[0,0],"2":[0],"3":[0],"4":[0],"5":[0],"6":[0,0],"7":[0],"8":[0]}}
,"/home/chris/domain-model/DDD_Artefacts/code/shared/domain/UniqueEntityID.ts": {"path":"/home/chris/domain-model/DDD_Artefacts/code/shared/domain/UniqueEntityID.ts","statementMap":{"0":{"start":{"line":1,"column":0},"end":{"line":1,"column":36}},"1":{"start":{"line":7,"column":4},"end":{"line":7,"column":32}},"2":{"start":{"line":11,"column":4},"end":{"line":11,"column":22}},"3":{"start":{"line":15,"column":4},"end":{"line":15,"column":22}},"4":{"start":{"line":19,"column":4},"end":{"line":21,"column":null}},"5":{"start":{"line":20,"column":6},"end":{"line":20,"column":19}},"6":{"start":{"line":22,"column":4},"end":{"line":24,"column":null}},"7":{"start":{"line":23,"column":6},"end":{"line":23,"column":19}},"8":{"start":{"line":25,"column":4},"end":{"line":25,"column":39}},"9":{"start":{"line":3,"column":0},"end":{"line":3,"column":13}}},"fnMap":{"0":{"name":"(anonymous_0)","decl":{"start":{"line":6,"column":2},"end":{"line":6,"column":14}},"loc":{"start":{"line":6,"column":25},"end":{"line":8,"column":3}}},"1":{"name":"(anonymous_1)","decl":{"start":{"line":10,"column":9},"end":{"line":10,"column":17}},"loc":{"start":{"line":10,"column":17},"end":{"line":12,"column":3}}},"2":{"name":"(anonymous_2)","decl":{"start":{"line":14,"column":9},"end":{"line":14,"column":16}},"loc":{"start":{"line":14,"column":16},"end":{"line":16,"column":3}}},"3":{"name":"(anonymous_3)","decl":{"start":{"line":18,"column":9},"end":{"line":18,"column":15}},"loc":{"start":{"line":18,"column":35},"end":{"line":26,"column":3}}}},"branchMap":{"0":{"loc":{"start":{"line":7,"column":17},"end":{"line":7,"column":31}},"type":"binary-expr","locations":[{"start":{"line":7,"column":17},"end":{"line":7,"column":19}},{"start":{"line":7,"column":23},"end":{"line":7,"column":31}}]},"1":{"loc":{"start":{"line":19,"column":4},"end":{"line":21,"column":null}},"type":"if","locations":[{"start":{"line":19,"column":4},"end":{"line":21,"column":null}}]},"2":{"loc":{"start":{"line":19,"column":8},"end":{"line":19,"column":39}},"type":"binary-expr","locations":[{"start":{"line":19,"column":8},"end":{"line":19,"column":19}},{"start":{"line":19,"column":23},"end":{"line":19,"column":39}}]},"3":{"loc":{"start":{"line":22,"column":4},"end":{"line":24,"column":null}},"type":"if","locations":[{"start":{"line":22,"column":4},"end":{"line":24,"column":null}}]}},"s":{"0":0,"1":0,"2":0,"3":0,"4":0,"5":0,"6":0,"7":0,"8":0,"9":0},"f":{"0":0,"1":0,"2":0,"3":0},"b":{"0":[0,0],"1":[0],"2":[0,0],"3":[0]}}
,"/home/chris/domain-model/DDD_Artefacts/code/shared/domain/ValueObject.ts": {"path":"/home/chris/domain-model/DDD_Artefacts/code/shared/domain/ValueObject.ts","statementMap":{"0":{"start":{"line":5,"column":4},"end":{"line":5,"column":38}},"1":{"start":{"line":9,"column":4},"end":{"line":11,"column":null}},"2":{"start":{"line":10,"column":6},"end":{"line":10,"column":19}},"3":{"start":{"line":13,"column":4},"end":{"line":15,"column":null}},"4":{"start":{"line":14,"column":6},"end":{"line":14,"column":19}},"5":{"start":{"line":17,"column":4},"end":{"line":17,"column":67}},"6":{"start":{"line":1,"column":0},"end":{"line":1,"column":22}}},"fnMap":{"0":{"name":"(anonymous_0)","decl":{"start":{"line":4,"column":2},"end":{"line":4,"column":14}},"loc":{"start":{"line":4,"column":22},"end":{"line":6,"column":3}}},"1":{"name":"(anonymous_1)","decl":{"start":{"line":8,"column":9},"end":{"line":8,"column":15}},"loc":{"start":{"line":8,"column":35},"end":{"line":18,"column":3}}}},"branchMap":{"0":{"loc":{"start":{"line":9,"column":4},"end":{"line":11,"column":null}},"type":"if","locations":[{"start":{"line":9,"column":4},"end":{"line":11,"column":null}}]},"1":{"loc":{"start":{"line":9,"column":8},"end":{"line":9,"column":39}},"type":"binary-expr","locations":[{"start":{"line":9,"column":8},"end":{"line":9,"column":19}},{"start":{"line":9,"column":23},"end":{"line":9,"column":39}}]},"2":{"loc":{"start":{"line":13,"column":4},"end":{"line":15,"column":null}},"type":"if","locations":[{"start":{"line":13,"column":4},"end":{"line":15,"column":null}}]}},"s":{"0":0,"1":0,"2":0,"3":0,"4":0,"5":0,"6":0},"f":{"0":0,"1":0},"b":{"0":[0],"1":[0,0],"2":[0]}}
,"/home/chris/domain-model/DDD_Artefacts/code/shared/domain/index.ts": {"path":"/home/chris/domain-model/DDD_Artefacts/code/shared/domain/index.ts","statementMap":{"0":{"start":{"line":2,"column":0},"end":{"line":2,"column":23}},"1":{"start":{"line":3,"column":0},"end":{"line":3,"column":32}},"2":{"start":{"line":4,"column":0},"end":{"line":4,"column":25}}},"fnMap":{},"branchMap":{},"s":{"0":0,"1":0,"2":0},"f":{},"b":{}}
,"/home/chris/domain-model/DDD_Artefacts/code/shared/domain/base/AggregateRoot.ts": {"path":"/home/chris/domain-model/DDD_Artefacts/code/shared/domain/base/AggregateRoot.ts","statementMap":{"0":{"start":{"line":2,"column":0},"end":{"line":2,"column":50}},"1":{"start":{"line":3,"column":0},"end":{"line":3,"column":54}},"2":{"start":{"line":6,"column":10},"end":{"line":6,"column":44}},"3":{"start":{"line":11,"column":4},"end":{"line":11,"column":42}},"4":{"start":{"line":12,"column":4},"end":{"line":12,"column":23}},"5":{"start":{"line":19,"column":4},"end":{"line":19,"column":31}},"6":{"start":{"line":27,"column":4},"end":{"line":27,"column":20}},"7":{"start":{"line":31,"column":4},"end":{"line":31,"column":35}},"8":{"start":{"line":40,"column":4},"end":{"line":40,"column":41}},"9":{"start":{"line":43,"column":4},"end":{"line":43,"column":48}},"10":{"start":{"line":47,"column":4},"end":{"line":47,"column":28}},"11":{"start":{"line":51,"column":4},"end":{"line":53,"column":null}},"12":{"start":{"line":52,"column":6},"end":{"line":52,"column":19}},"13":{"start":{"line":55,"column":4},"end":{"line":57,"column":null}},"14":{"start":{"line":56,"column":6},"end":{"line":56,"column":18}},"15":{"start":{"line":59,"column":4},"end":{"line":61,"column":null}},"16":{"start":{"line":60,"column":6},"end":{"line":60,"column":19}},"17":{"start":{"line":63,"column":4},"end":{"line":63,"column":39}},"18":{"start":{"line":5,"column":0},"end":{"line":5,"column":22}}},"fnMap":{"0":{"name":"(anonymous_0)","decl":{"start":{"line":10,"column":2},"end":{"line":10,"column":14}},"loc":{"start":{"line":10,"column":43},"end":{"line":13,"column":3}}},"1":{"name":"(anonymous_1)","decl":{"start":{"line":18,"column":2},"end":{"line":18,"column":6}},"loc":{"start":{"line":18,"column":8},"end":{"line":20,"column":3}}},"2":{"name":"(anonymous_2)","decl":{"start":{"line":26,"column":9},"end":{"line":26,"column":14}},"loc":{"start":{"line":26,"column":14},"end":{"line":28,"column":3}}},"3":{"name":"(anonymous_3)","decl":{"start":{"line":30,"column":2},"end":{"line":30,"column":6}},"loc":{"start":{"line":30,"column":18},"end":{"line":32,"column":3}}},"4":{"name":"(anonymous_4)","decl":{"start":{"line":38,"column":12},"end":{"line":38,"column":26}},"loc":{"start":{"line":38,"column":51},"end":{"line":44,"column":3}}},"5":{"name":"(anonymous_5)","decl":{"start":{"line":46,"column":9},"end":{"line":46,"column":20}},"loc":{"start":{"line":46,"column":20},"end":{"line":48,"column":3}}},"6":{"name":"(anonymous_6)","decl":{"start":{"line":50,"column":9},"end":{"line":50,"column":15}},"loc":{"start":{"line":50,"column":41},"end":{"line":64,"column":3}}}},"branchMap":{"0":{"loc":{"start":{"line":11,"column":15},"end":{"line":11,"column":41}},"type":"binary-expr","locations":[{"start":{"line":11,"column":15},"end":{"line":11,"column":17}},{"start":{"line":11,"column":21},"end":{"line":11,"column":41}}]},"1":{"loc":{"start":{"line":51,"column":4},"end":{"line":53,"column":null}},"type":"if","locations":[{"start":{"line":51,"column":4},"end":{"line":53,"column":null}}]},"2":{"loc":{"start":{"line":51,"column":8},"end":{"line":51,"column":45}},"type":"binary-expr","locations":[{"start":{"line":51,"column":8},"end":{"line":51,"column":22}},{"start":{"line":51,"column":26},"end":{"line":51,"column":45}}]},"3":{"loc":{"start":{"line":55,"column":4},"end":{"line":57,"column":null}},"type":"if","locations":[{"start":{"line":55,"column":4},"end":{"line":57,"column":null}}]},"4":{"loc":{"start":{"line":59,"column":4},"end":{"line":61,"column":null}},"type":"if","locations":[{"start":{"line":59,"column":4},"end":{"line":61,"column":null}}]}},"s":{"0":0,"1":0,"2":0,"3":0,"4":0,"5":0,"6":0,"7":0,"8":0,"9":0,"10":0,"11":0,"12":0,"13":0,"14":0,"15":0,"16":0,"17":0,"18":0},"f":{"0":0,"1":0,"2":0,"3":0,"4":0,"5":0,"6":0},"b":{"0":[0,0],"1":[0],"2":[0,0],"3":[0],"4":[0]}}
,"/home/chris/domain-model/DDD_Artefacts/code/shared/domain/base/Entity.ts": {"path":"/home/chris/domain-model/DDD_Artefacts/code/shared/domain/base/Entity.ts","statementMap":{"0":{"start":{"line":1,"column":0},"end":{"line":1,"column":50}},"1":{"start":{"line":13,"column":10},"end":{"line":13,"column":44}},"2":{"start":{"line":16,"column":4},"end":{"line":16,"column":46}},"3":{"start":{"line":17,"column":4},"end":{"line":17,"column":23}},"4":{"start":{"line":24,"column":4},"end":{"line":24,"column":20}},"5":{"start":{"line":31,"column":4},"end":{"line":31,"column":30}},"6":{"start":{"line":38,"column":4},"end":{"line":38,"column":41}},"7":{"start":{"line":45,"column":4},"end":{"line":45,"column":28}},"8":{"start":{"line":52,"column":4},"end":{"line":54,"column":null}},"9":{"start":{"line":53,"column":6},"end":{"line":53,"column":19}},"10":{"start":{"line":56,"column":4},"end":{"line":58,"column":null}},"11":{"start":{"line":57,"column":6},"end":{"line":57,"column":18}},"12":{"start":{"line":60,"column":4},"end":{"line":62,"column":null}},"13":{"start":{"line":61,"column":6},"end":{"line":61,"column":19}},"14":{"start":{"line":64,"column":4},"end":{"line":64,"column":39}},"15":{"start":{"line":10,"column":0},"end":{"line":10,"column":22}}},"fnMap":{"0":{"name":"(anonymous_0)","decl":{"start":{"line":15,"column":2},"end":{"line":15,"column":14}},"loc":{"start":{"line":15,"column":43},"end":{"line":18,"column":3}}},"1":{"name":"(anonymous_1)","decl":{"start":{"line":23,"column":2},"end":{"line":23,"column":13}},"loc":{"start":{"line":23,"column":15},"end":{"line":25,"column":3}}},"2":{"name":"(anonymous_2)","decl":{"start":{"line":30,"column":2},"end":{"line":30,"column":13}},"loc":{"start":{"line":30,"column":25},"end":{"line":32,"column":3}}},"3":{"name":"(anonymous_3)","decl":{"start":{"line":37,"column":9},"end":{"line":37,"column":23}},"loc":{"start":{"line":37,"column":48},"end":{"line":39,"column":3}}},"4":{"name":"(anonymous_4)","decl":{"start":{"line":44,"column":9},"end":{"line":44,"column":20}},"loc":{"start":{"line":44,"column":20},"end":{"line":46,"column":3}}},"5":{"name":"(anonymous_5)","decl":{"start":{"line":51,"column":9},"end":{"line":51,"column":15}},"loc":{"start":{"line":51,"column":34},"end":{"line":65,"column":3}}}},"branchMap":{"0":{"loc":{"start":{"line":16,"column":15},"end":{"line":16,"column":45}},"type":"cond-expr","locations":[{"start":{"line":16,"column":20},"end":{"line":16,"column":22}},{"start":{"line":16,"column":25},"end":{"line":16,"column":45}}]},"1":{"loc":{"start":{"line":52,"column":4},"end":{"line":54,"column":null}},"type":"if","locations":[{"start":{"line":52,"column":4},"end":{"line":54,"column":null}}]},"2":{"loc":{"start":{"line":52,"column":8},"end":{"line":52,"column":47}},"type":"binary-expr","locations":[{"start":{"line":52,"column":8},"end":{"line":52,"column":23}},{"start":{"line":52,"column":27},"end":{"line":52,"column":47}}]},"3":{"loc":{"start":{"line":56,"column":4},"end":{"line":58,"column":null}},"type":"if","locations":[{"start":{"line":56,"column":4},"end":{"line":58,"column":null}}]},"4":{"loc":{"start":{"line":60,"column":4},"end":{"line":62,"column":null}},"type":"if","locations":[{"start":{"line":60,"column":4},"end":{"line":62,"column":null}}]}},"s":{"0":0,"1":0,"2":0,"3":0,"4":0,"5":0,"6":0,"7":0,"8":0,"9":0,"10":0,"11":0,"12":0,"13":0,"14":0,"15":0},"f":{"0":0,"1":0,"2":0,"3":0,"4":0,"5":0},"b":{"0":[0,0],"1":[0],"2":[0,0],"3":[0],"4":[0]}}
,"/home/chris/domain-model/DDD_Artefacts/code/shared/domain/base/UniqueEntityID.ts": {"path":"/home/chris/domain-model/DDD_Artefacts/code/shared/domain/base/UniqueEntityID.ts","statementMap":{"0":{"start":{"line":1,"column":0},"end":{"line":1,"column":36}},"1":{"start":{"line":7,"column":4},"end":{"line":7,"column":32}},"2":{"start":{"line":11,"column":4},"end":{"line":11,"column":22}},"3":{"start":{"line":15,"column":4},"end":{"line":15,"column":22}},"4":{"start":{"line":19,"column":4},"end":{"line":21,"column":null}},"5":{"start":{"line":20,"column":6},"end":{"line":20,"column":19}},"6":{"start":{"line":22,"column":4},"end":{"line":24,"column":null}},"7":{"start":{"line":23,"column":6},"end":{"line":23,"column":19}},"8":{"start":{"line":25,"column":4},"end":{"line":25,"column":39}},"9":{"start":{"line":3,"column":0},"end":{"line":3,"column":13}}},"fnMap":{"0":{"name":"(anonymous_0)","decl":{"start":{"line":6,"column":2},"end":{"line":6,"column":14}},"loc":{"start":{"line":6,"column":25},"end":{"line":8,"column":3}}},"1":{"name":"(anonymous_1)","decl":{"start":{"line":10,"column":9},"end":{"line":10,"column":17}},"loc":{"start":{"line":10,"column":17},"end":{"line":12,"column":3}}},"2":{"name":"(anonymous_2)","decl":{"start":{"line":14,"column":9},"end":{"line":14,"column":16}},"loc":{"start":{"line":14,"column":16},"end":{"line":16,"column":3}}},"3":{"name":"(anonymous_3)","decl":{"start":{"line":18,"column":9},"end":{"line":18,"column":15}},"loc":{"start":{"line":18,"column":35},"end":{"line":26,"column":3}}}},"branchMap":{"0":{"loc":{"start":{"line":7,"column":17},"end":{"line":7,"column":31}},"type":"binary-expr","locations":[{"start":{"line":7,"column":17},"end":{"line":7,"column":19}},{"start":{"line":7,"column":23},"end":{"line":7,"column":31}}]},"1":{"loc":{"start":{"line":19,"column":4},"end":{"line":21,"column":null}},"type":"if","locations":[{"start":{"line":19,"column":4},"end":{"line":21,"column":null}}]},"2":{"loc":{"start":{"line":19,"column":8},"end":{"line":19,"column":39}},"type":"binary-expr","locations":[{"start":{"line":19,"column":8},"end":{"line":19,"column":19}},{"start":{"line":19,"column":23},"end":{"line":19,"column":39}}]},"3":{"loc":{"start":{"line":22,"column":4},"end":{"line":24,"column":null}},"type":"if","locations":[{"start":{"line":22,"column":4},"end":{"line":24,"column":null}}]}},"s":{"0":2,"1":2768,"2":2768,"3":0,"4":0,"5":0,"6":0,"7":0,"8":0,"9":2},"f":{"0":2768,"1":2768,"2":0,"3":0},"b":{"0":[2768,2768],"1":[0],"2":[0,0],"3":[0]}}
,"/home/chris/domain-model/DDD_Artefacts/code/shared/domain/base/ValueObject.ts": {"path":"/home/chris/domain-model/DDD_Artefacts/code/shared/domain/base/ValueObject.ts","statementMap":{"0":{"start":{"line":5,"column":4},"end":{"line":5,"column":38}},"1":{"start":{"line":9,"column":4},"end":{"line":11,"column":null}},"2":{"start":{"line":10,"column":6},"end":{"line":10,"column":19}},"3":{"start":{"line":13,"column":4},"end":{"line":15,"column":null}},"4":{"start":{"line":14,"column":6},"end":{"line":14,"column":19}},"5":{"start":{"line":17,"column":4},"end":{"line":17,"column":67}},"6":{"start":{"line":1,"column":0},"end":{"line":1,"column":22}}},"fnMap":{"0":{"name":"(anonymous_0)","decl":{"start":{"line":4,"column":2},"end":{"line":4,"column":14}},"loc":{"start":{"line":4,"column":22},"end":{"line":6,"column":3}}},"1":{"name":"(anonymous_1)","decl":{"start":{"line":8,"column":9},"end":{"line":8,"column":15}},"loc":{"start":{"line":8,"column":35},"end":{"line":18,"column":3}}}},"branchMap":{"0":{"loc":{"start":{"line":9,"column":4},"end":{"line":11,"column":null}},"type":"if","locations":[{"start":{"line":9,"column":4},"end":{"line":11,"column":null}}]},"1":{"loc":{"start":{"line":9,"column":8},"end":{"line":9,"column":39}},"type":"binary-expr","locations":[{"start":{"line":9,"column":8},"end":{"line":9,"column":19}},{"start":{"line":9,"column":23},"end":{"line":9,"column":39}}]},"2":{"loc":{"start":{"line":13,"column":4},"end":{"line":15,"column":null}},"type":"if","locations":[{"start":{"line":13,"column":4},"end":{"line":15,"column":null}}]}},"s":{"0":1389,"1":0,"2":0,"3":0,"4":0,"5":0,"6":3},"f":{"0":1389,"1":0},"b":{"0":[0],"1":[0,0],"2":[0]}}
,"/home/chris/domain-model/DDD_Artefacts/code/shared/domain/base/index.ts": {"path":"/home/chris/domain-model/DDD_Artefacts/code/shared/domain/base/index.ts","statementMap":{"0":{"start":{"line":2,"column":0},"end":{"line":2,"column":32}},"1":{"start":{"line":3,"column":0},"end":{"line":3,"column":30}},"2":{"start":{"line":4,"column":0},"end":{"line":4,"column":33}}},"fnMap":{},"branchMap":{},"s":{"0":0,"1":0,"2":0},"f":{},"b":{}}
,"/home/chris/domain-model/DDD_Artefacts/code/shared/domain/events/DomainEvent.ts": {"path":"/home/chris/domain-model/DDD_Artefacts/code/shared/domain/events/DomainEvent.ts","statementMap":{"0":{"start":{"line":1,"column":0},"end":{"line":1,"column":56}},"1":{"start":{"line":15,"column":4},"end":{"line":15,"column":41}},"2":{"start":{"line":16,"column":4},"end":{"line":16,"column":53}},"3":{"start":{"line":17,"column":4},"end":{"line":17,"column":68}},"4":{"start":{"line":27,"column":4},"end":{"line":27,"column":46}},"5":{"start":{"line":9,"column":0},"end":{"line":9,"column":22}}},"fnMap":{"0":{"name":"(anonymous_0)","decl":{"start":{"line":14,"column":2},"end":{"line":14,"column":14}},"loc":{"start":{"line":14,"column":37},"end":{"line":18,"column":3}}},"1":{"name":"(anonymous_1)","decl":{"start":{"line":22,"column":2},"end":{"line":22,"column":8}},"loc":{"start":{"line":25,"column":20},"end":{"line":28,"column":3}}}},"branchMap":{"0":{"loc":{"start":{"line":16,"column":22},"end":{"line":16,"column":52}},"type":"binary-expr","locations":[{"start":{"line":16,"column":22},"end":{"line":16,"column":38}},{"start":{"line":16,"column":42},"end":{"line":16,"column":52}}]},"1":{"loc":{"start":{"line":17,"column":19},"end":{"line":17,"column":67}},"type":"binary-expr","locations":[{"start":{"line":17,"column":19},"end":{"line":17,"column":32}},{"start":{"line":17,"column":36},"end":{"line":17,"column":67}}]}},"s":{"0":2,"1":1384,"2":1384,"3":1384,"4":0,"5":2},"f":{"0":1384,"1":0},"b":{"0":[1384,0],"1":[1384,1384]}}
,"/home/chris/domain-model/DDD_Artefacts/code/shared/domain/events/DomainEvents.ts": {"path":"/home/chris/domain-model/DDD_Artefacts/code/shared/domain/events/DomainEvents.ts","statementMap":{"0":{"start":{"line":2,"column":0},"end":{"line":2,"column":56}},"1":{"start":{"line":26,"column":27},"end":{"line":26,"column":71}},"2":{"start":{"line":28,"column":4},"end":{"line":30,"column":null}},"3":{"start":{"line":29,"column":6},"end":{"line":29,"column":44}},"4":{"start":{"line":39,"column":24},"end":{"line":39,"column":76}},"5":{"start":{"line":40,"column":22},"end":{"line":40,"column":63}},"6":{"start":{"line":42,"column":4},"end":{"line":46,"column":null}},"7":{"start":{"line":43,"column":6},"end":{"line":43,"column":46}},"8":{"start":{"line":44,"column":6},"end":{"line":44,"column":30}},"9":{"start":{"line":45,"column":6},"end":{"line":45,"column":60}},"10":{"start":{"line":54,"column":4},"end":{"line":54,"column":56}},"11":{"start":{"line":55,"column":4},"end":{"line":55,"column":41}},"12":{"start":{"line":64,"column":4},"end":{"line":64,"column":78}},"13":{"start":{"line":65,"column":4},"end":{"line":65,"column":52}},"14":{"start":{"line":72,"column":4},"end":{"line":72,"column":26}},"15":{"start":{"line":79,"column":4},"end":{"line":79,"column":31}},"16":{"start":{"line":83,"column":4},"end":{"line":85,"column":7}},"17":{"start":{"line":84,"column":6},"end":{"line":84,"column":27}},"18":{"start":{"line":89,"column":27},"end":{"line":89,"column":49}},"19":{"start":{"line":92,"column":4},"end":{"line":96,"column":null}},"20":{"start":{"line":93,"column":6},"end":{"line":95,"column":9}},"21":{"start":{"line":94,"column":8},"end":{"line":94,"column":23}},"22":{"start":{"line":99,"column":4},"end":{"line":103,"column":null}},"23":{"start":{"line":100,"column":6},"end":{"line":102,"column":9}},"24":{"start":{"line":101,"column":8},"end":{"line":101,"column":23}},"25":{"start":{"line":107,"column":4},"end":{"line":109,"column":7}},"26":{"start":{"line":108,"column":6},"end":{"line":108,"column":42}},"27":{"start":{"line":113,"column":18},"end":{"line":113,"column":77}},"28":{"start":{"line":113,"column":57},"end":{"line":113,"column":76}},"29":{"start":{"line":114,"column":4},"end":{"line":116,"column":null}},"30":{"start":{"line":115,"column":6},"end":{"line":115,"column":45}},"31":{"start":{"line":17,"column":0},"end":{"line":17,"column":13}},"32":{"start":{"line":18,"column":17},"end":{"line":18,"column":60}},"33":{"start":{"line":19,"column":17},"end":{"line":19,"column":61}}},"fnMap":{"0":{"name":"(anonymous_0)","decl":{"start":{"line":25,"column":9},"end":{"line":25,"column":15}},"loc":{"start":{"line":25,"column":70},"end":{"line":31,"column":3}}},"1":{"name":"(anonymous_1)","decl":{"start":{"line":37,"column":9},"end":{"line":37,"column":15}},"loc":{"start":{"line":37,"column":70},"end":{"line":47,"column":3}}},"2":{"name":"(anonymous_2)","decl":{"start":{"line":53,"column":9},"end":{"line":53,"column":15}},"loc":{"start":{"line":53,"column":63},"end":{"line":56,"column":3}}},"3":{"name":"(anonymous_3)","decl":{"start":{"line":63,"column":9},"end":{"line":63,"column":15}},"loc":{"start":{"line":63,"column":95},"end":{"line":66,"column":3}}},"4":{"name":"(anonymous_4)","decl":{"start":{"line":71,"column":9},"end":{"line":71,"column":15}},"loc":{"start":{"line":71,"column":29},"end":{"line":73,"column":3}}},"5":{"name":"(anonymous_5)","decl":{"start":{"line":78,"column":9},"end":{"line":78,"column":15}},"loc":{"start":{"line":78,"column":37},"end":{"line":80,"column":3}}},"6":{"name":"(anonymous_6)","decl":{"start":{"line":82,"column":10},"end":{"line":82,"column":16}},"loc":{"start":{"line":82,"column":70},"end":{"line":86,"column":3}}},"7":{"name":"(anonymous_7)","decl":{"start":{"line":83,"column":35},"end":{"line":83,"column":36}},"loc":{"start":{"line":83,"column":58},"end":{"line":85,"column":5}}},"8":{"name":"(anonymous_8)","decl":{"start":{"line":88,"column":10},"end":{"line":88,"column":16}},"loc":{"start":{"line":88,"column":44},"end":{"line":104,"column":3}}},"9":{"name":"(anonymous_9)","decl":{"start":{"line":93,"column":36},"end":{"line":93,"column":37}},"loc":{"start":{"line":93,"column":48},"end":{"line":95,"column":7}}},"10":{"name":"(anonymous_10)","decl":{"start":{"line":100,"column":47},"end":{"line":100,"column":48}},"loc":{"start":{"line":100,"column":59},"end":{"line":102,"column":7}}},"11":{"name":"(anonymous_11)","decl":{"start":{"line":106,"column":10},"end":{"line":106,"column":16}},"loc":{"start":{"line":106,"column":59},"end":{"line":110,"column":3}}},"12":{"name":"(anonymous_12)","decl":{"start":{"line":107,"column":38},"end":{"line":107,"column":39}},"loc":{"start":{"line":107,"column":52},"end":{"line":109,"column":5}}},"13":{"name":"(anonymous_13)","decl":{"start":{"line":112,"column":10},"end":{"line":112,"column":16}},"loc":{"start":{"line":112,"column":84},"end":{"line":117,"column":3}}},"14":{"name":"(anonymous_14)","decl":{"start":{"line":113,"column":50},"end":{"line":113,"column":51}},"loc":{"start":{"line":113,"column":57},"end":{"line":113,"column":76}}}},"branchMap":{"0":{"loc":{"start":{"line":28,"column":4},"end":{"line":30,"column":null}},"type":"if","locations":[{"start":{"line":28,"column":4},"end":{"line":30,"column":null}}]},"1":{"loc":{"start":{"line":39,"column":24},"end":{"line":39,"column":76}},"type":"cond-expr","locations":[{"start":{"line":39,"column":49},"end":{"line":39,"column":71}},{"start":{"line":39,"column":74},"end":{"line":39,"column":76}}]},"2":{"loc":{"start":{"line":42,"column":4},"end":{"line":46,"column":null}},"type":"if","locations":[{"start":{"line":42,"column":4},"end":{"line":46,"column":null}}]},"3":{"loc":{"start":{"line":54,"column":28},"end":{"line":54,"column":55}},"type":"binary-expr","locations":[{"start":{"line":54,"column":28},"end":{"line":54,"column":49}},{"start":{"line":54,"column":53},"end":{"line":54,"column":55}}]},"4":{"loc":{"start":{"line":64,"column":39},"end":{"line":64,"column":77}},"type":"binary-expr","locations":[{"start":{"line":64,"column":39},"end":{"line":64,"column":71}},{"start":{"line":64,"column":75},"end":{"line":64,"column":77}}]},"5":{"loc":{"start":{"line":92,"column":4},"end":{"line":96,"column":null}},"type":"if","locations":[{"start":{"line":92,"column":4},"end":{"line":96,"column":null}}]},"6":{"loc":{"start":{"line":99,"column":4},"end":{"line":103,"column":null}},"type":"if","locations":[{"start":{"line":99,"column":4},"end":{"line":103,"column":null}}]},"7":{"loc":{"start":{"line":114,"column":4},"end":{"line":116,"column":null}},"type":"if","locations":[{"start":{"line":114,"column":4},"end":{"line":116,"column":null}}]}},"s":{"0":0,"1":0,"2":0,"3":0,"4":0,"5":0,"6":0,"7":0,"8":0,"9":0,"10":0,"11":0,"12":0,"13":0,"14":0,"15":0,"16":0,"17":0,"18":0,"19":0,"20":0,"21":0,"22":0,"23":0,"24":0,"25":0,"26":0,"27":0,"28":0,"29":0,"30":0,"31":0,"32":0,"33":0},"f":{"0":0,"1":0,"2":0,"3":0,"4":0,"5":0,"6":0,"7":0,"8":0,"9":0,"10":0,"11":0,"12":0,"13":0,"14":0},"b":{"0":[0],"1":[0,0],"2":[0],"3":[0,0],"4":[0,0],"5":[0],"6":[0],"7":[0]}}
,"/home/chris/domain-model/DDD_Artefacts/code/shared/domain/events/index.ts": {"path":"/home/chris/domain-model/DDD_Artefacts/code/shared/domain/events/index.ts","statementMap":{"0":{"start":{"line":2,"column":0},"end":{"line":2,"column":30}}},"fnMap":{},"branchMap":{},"s":{"0":0},"f":{},"b":{}}
,"/home/chris/domain-model/DDD_Artefacts/code/shared/domain/value-objects/Address.ts": {"path":"/home/chris/domain-model/DDD_Artefacts/code/shared/domain/value-objects/Address.ts","statementMap":{"0":{"start":{"line":1,"column":0},"end":{"line":1,"column":50}},"1":{"start":{"line":2,"column":0},"end":{"line":2,"column":63}},"2":{"start":{"line":3,"column":0},"end":{"line":3,"column":43}},"3":{"start":{"line":29,"column":4},"end":{"line":29,"column":29}},"4":{"start":{"line":33,"column":4},"end":{"line":33,"column":27}},"5":{"start":{"line":37,"column":4},"end":{"line":37,"column":28}},"6":{"start":{"line":41,"column":4},"end":{"line":41,"column":33}},"7":{"start":{"line":45,"column":4},"end":{"line":45,"column":30}},"8":{"start":{"line":49,"column":4},"end":{"line":49,"column":37}},"9":{"start":{"line":53,"column":4},"end":{"line":53,"column":17}},"10":{"start":{"line":58,"column":24},"end":{"line":62,"column":6}},"11":{"start":{"line":64,"column":4},"end":{"line":66,"column":null}},"12":{"start":{"line":65,"column":6},"end":{"line":65,"column":43}},"13":{"start":{"line":69,"column":4},"end":{"line":71,"column":null}},"14":{"start":{"line":70,"column":6},"end":{"line":70,"column":66}},"15":{"start":{"line":73,"column":4},"end":{"line":75,"column":null}},"16":{"start":{"line":74,"column":6},"end":{"line":74,"column":62}},"17":{"start":{"line":77,"column":4},"end":{"line":79,"column":null}},"18":{"start":{"line":78,"column":6},"end":{"line":78,"column":64}},"19":{"start":{"line":81,"column":4},"end":{"line":83,"column":null}},"20":{"start":{"line":82,"column":6},"end":{"line":82,"column":59}},"21":{"start":{"line":86,"column":4},"end":{"line":88,"column":null}},"22":{"start":{"line":87,"column":6},"end":{"line":87,"column":67}},"23":{"start":{"line":91,"column":36},"end":{"line":91,"column":101}},"24":{"start":{"line":92,"column":4},"end":{"line":97,"column":null}},"25":{"start":{"line":96,"column":6},"end":{"line":96,"column":63}},"26":{"start":{"line":100,"column":4},"end":{"line":113,"column":null}},"27":{"start":{"line":102,"column":6},"end":{"line":107,"column":null}},"28":{"start":{"line":103,"column":27},"end":{"line":103,"column":45}},"29":{"start":{"line":104,"column":8},"end":{"line":106,"column":null}},"30":{"start":{"line":105,"column":10},"end":{"line":105,"column":58}},"31":{"start":{"line":110,"column":6},"end":{"line":112,"column":null}},"32":{"start":{"line":111,"column":8},"end":{"line":111,"column":74}},"33":{"start":{"line":115,"column":4},"end":{"line":115,"column":39}},"34":{"start":{"line":119,"column":24},"end":{"line":119,"column":66}},"35":{"start":{"line":121,"column":4},"end":{"line":123,"column":null}},"36":{"start":{"line":122,"column":6},"end":{"line":122,"column":47}},"37":{"start":{"line":125,"column":4},"end":{"line":127,"column":null}},"38":{"start":{"line":126,"column":6},"end":{"line":126,"column":51}},"39":{"start":{"line":129,"column":4},"end":{"line":129,"column":47}},"40":{"start":{"line":131,"column":4},"end":{"line":133,"column":null}},"41":{"start":{"line":132,"column":6},"end":{"line":132,"column":57}},"42":{"start":{"line":135,"column":4},"end":{"line":135,"column":25}},"43":{"start":{"line":27,"column":0},"end":{"line":27,"column":13}}},"fnMap":{"0":{"name":"(anonymous_0)","decl":{"start":{"line":28,"column":2},"end":{"line":28,"column":6}},"loc":{"start":{"line":28,"column":12},"end":{"line":30,"column":3}}},"1":{"name":"(anonymous_1)","decl":{"start":{"line":32,"column":2},"end":{"line":32,"column":6}},"loc":{"start":{"line":32,"column":10},"end":{"line":34,"column":3}}},"2":{"name":"(anonymous_2)","decl":{"start":{"line":36,"column":2},"end":{"line":36,"column":6}},"loc":{"start":{"line":36,"column":11},"end":{"line":38,"column":3}}},"3":{"name":"(anonymous_3)","decl":{"start":{"line":40,"column":2},"end":{"line":40,"column":6}},"loc":{"start":{"line":40,"column":16},"end":{"line":42,"column":3}}},"4":{"name":"(anonymous_4)","decl":{"start":{"line":44,"column":2},"end":{"line":44,"column":6}},"loc":{"start":{"line":44,"column":13},"end":{"line":46,"column":3}}},"5":{"name":"(anonymous_5)","decl":{"start":{"line":48,"column":2},"end":{"line":48,"column":6}},"loc":{"start":{"line":48,"column":20},"end":{"line":50,"column":3}}},"6":{"name":"(anonymous_6)","decl":{"start":{"line":52,"column":2},"end":{"line":52,"column":22}},"loc":{"start":{"line":52,"column":41},"end":{"line":54,"column":3}}},"7":{"name":"(anonymous_7)","decl":{"start":{"line":56,"column":9},"end":{"line":56,"column":15}},"loc":{"start":{"line":56,"column":42},"end":{"line":116,"column":3}}},"8":{"name":"(anonymous_8)","decl":{"start":{"line":118,"column":9},"end":{"line":118,"column":17}},"loc":{"start":{"line":118,"column":17},"end":{"line":136,"column":3}}}},"branchMap":{"0":{"loc":{"start":{"line":64,"column":4},"end":{"line":66,"column":null}},"type":"if","locations":[{"start":{"line":64,"column":4},"end":{"line":66,"column":null}}]},"1":{"loc":{"start":{"line":69,"column":4},"end":{"line":71,"column":null}},"type":"if","locations":[{"start":{"line":69,"column":4},"end":{"line":71,"column":null}}]},"2":{"loc":{"start":{"line":73,"column":4},"end":{"line":75,"column":null}},"type":"if","locations":[{"start":{"line":73,"column":4},"end":{"line":75,"column":null}}]},"3":{"loc":{"start":{"line":77,"column":4},"end":{"line":79,"column":null}},"type":"if","locations":[{"start":{"line":77,"column":4},"end":{"line":79,"column":null}}]},"4":{"loc":{"start":{"line":81,"column":4},"end":{"line":83,"column":null}},"type":"if","locations":[{"start":{"line":81,"column":4},"end":{"line":83,"column":null}}]},"5":{"loc":{"start":{"line":86,"column":4},"end":{"line":88,"column":null}},"type":"if","locations":[{"start":{"line":86,"column":4},"end":{"line":88,"column":null}}]},"6":{"loc":{"start":{"line":92,"column":4},"end":{"line":97,"column":null}},"type":"if","locations":[{"start":{"line":92,"column":4},"end":{"line":97,"column":null}}]},"7":{"loc":{"start":{"line":93,"column":6},"end":{"line":94,"column":55}},"type":"binary-expr","locations":[{"start":{"line":93,"column":6},"end":{"line":93,"column":67}},{"start":{"line":94,"column":7},"end":{"line":94,"column":19}},{"start":{"line":94,"column":23},"end":{"line":94,"column":54}}]},"8":{"loc":{"start":{"line":100,"column":4},"end":{"line":113,"column":null}},"type":"if","locations":[{"start":{"line":100,"column":4},"end":{"line":113,"column":null}}]},"9":{"loc":{"start":{"line":102,"column":6},"end":{"line":107,"column":null}},"type":"if","locations":[{"start":{"line":102,"column":6},"end":{"line":107,"column":null}}]},"10":{"loc":{"start":{"line":102,"column":10},"end":{"line":102,"column":87}},"type":"binary-expr","locations":[{"start":{"line":102,"column":10},"end":{"line":102,"column":46}},{"start":{"line":102,"column":50},"end":{"line":102,"column":87}}]},"11":{"loc":{"start":{"line":104,"column":8},"end":{"line":106,"column":null}},"type":"if","locations":[{"start":{"line":104,"column":8},"end":{"line":106,"column":null}}]},"12":{"loc":{"start":{"line":110,"column":6},"end":{"line":112,"column":null}},"type":"if","locations":[{"start":{"line":110,"column":6},"end":{"line":112,"column":null}}]},"13":{"loc":{"start":{"line":110,"column":10},"end":{"line":110,"column":83}},"type":"binary-expr","locations":[{"start":{"line":110,"column":10},"end":{"line":110,"column":44}},{"start":{"line":110,"column":48},"end":{"line":110,"column":83}}]},"14":{"loc":{"start":{"line":121,"column":4},"end":{"line":123,"column":null}},"type":"if","locations":[{"start":{"line":121,"column":4},"end":{"line":123,"column":null}}]},"15":{"loc":{"start":{"line":125,"column":4},"end":{"line":127,"column":null}},"type":"if","locations":[{"start":{"line":125,"column":4},"end":{"line":127,"column":null}}]},"16":{"loc":{"start":{"line":131,"column":4},"end":{"line":133,"column":null}},"type":"if","locations":[{"start":{"line":131,"column":4},"end":{"line":133,"column":null}}]}},"s":{"0":0,"1":0,"2":0,"3":0,"4":0,"5":0,"6":0,"7":0,"8":0,"9":0,"10":0,"11":0,"12":0,"13":0,"14":0,"15":0,"16":0,"17":0,"18":0,"19":0,"20":0,"21":0,"22":0,"23":0,"24":0,"25":0,"26":0,"27":0,"28":0,"29":0,"30":0,"31":0,"32":0,"33":0,"34":0,"35":0,"36":0,"37":0,"38":0,"39":0,"40":0,"41":0,"42":0,"43":0},"f":{"0":0,"1":0,"2":0,"3":0,"4":0,"5":0,"6":0,"7":0,"8":0},"b":{"0":[0],"1":[0],"2":[0],"3":[0],"4":[0],"5":[0],"6":[0],"7":[0,0,0],"8":[0],"9":[0],"10":[0,0],"11":[0],"12":[0],"13":[0,0],"14":[0],"15":[0],"16":[0]}}
,"/home/chris/domain-model/DDD_Artefacts/code/shared/domain/value-objects/DateRange.ts": {"path":"/home/chris/domain-model/DDD_Artefacts/code/shared/domain/value-objects/DateRange.ts","statementMap":{"0":{"start":{"line":1,"column":0},"end":{"line":1,"column":50}},"1":{"start":{"line":2,"column":0},"end":{"line":2,"column":63}},"2":{"start":{"line":3,"column":0},"end":{"line":3,"column":43}},"3":{"start":{"line":4,"column":0},"end":{"line":4,"column":64}},"4":{"start":{"line":5,"column":0},"end":{"line":5,"column":56}},"5":{"start":{"line":6,"column":0},"end":{"line":6,"column":58}},"6":{"start":{"line":19,"column":4},"end":{"line":22,"column":7}},"7":{"start":{"line":15,"column":20},"end":{"line":15,"column":40}},"8":{"start":{"line":26,"column":4},"end":{"line":31,"column":6}},"9":{"start":{"line":39,"column":27},"end":{"line":39,"column":44}},"10":{"start":{"line":40,"column":28},"end":{"line":42,"column":null}},"11":{"start":{"line":45,"column":4},"end":{"line":47,"column":null}},"12":{"start":{"line":46,"column":6},"end":{"line":46,"column":78}},"13":{"start":{"line":49,"column":18},"end":{"line":49,"column":94}},"14":{"start":{"line":50,"column":4},"end":{"line":50,"column":17}},"15":{"start":{"line":13,"column":0},"end":{"line":13,"column":13}},"16":{"start":{"line":65,"column":4},"end":{"line":65,"column":28}},"17":{"start":{"line":69,"column":4},"end":{"line":69,"column":26}},"18":{"start":{"line":73,"column":4},"end":{"line":73,"column":17}},"19":{"start":{"line":77,"column":24},"end":{"line":80,"column":6}},"20":{"start":{"line":82,"column":4},"end":{"line":84,"column":null}},"21":{"start":{"line":83,"column":6},"end":{"line":83,"column":43}},"22":{"start":{"line":86,"column":4},"end":{"line":88,"column":null}},"23":{"start":{"line":87,"column":6},"end":{"line":87,"column":71}},"24":{"start":{"line":90,"column":22},"end":{"line":90,"column":51}},"25":{"start":{"line":93,"column":29},"end":{"line":93,"column":78}},"26":{"start":{"line":94,"column":4},"end":{"line":94,"column":47}},"27":{"start":{"line":96,"column":4},"end":{"line":96,"column":30}},"28":{"start":{"line":103,"column":4},"end":{"line":103,"column":50}},"29":{"start":{"line":110,"column":4},"end":{"line":110,"column":62}},"30":{"start":{"line":117,"column":4},"end":{"line":117,"column":53}},"31":{"start":{"line":124,"column":4},"end":{"line":124,"column":53}},"32":{"start":{"line":131,"column":22},"end":{"line":131,"column":48}},"33":{"start":{"line":132,"column":21},"end":{"line":132,"column":63}},"34":{"start":{"line":133,"column":19},"end":{"line":133,"column":59}},"35":{"start":{"line":135,"column":4},"end":{"line":135,"column":46}},"36":{"start":{"line":142,"column":4},"end":{"line":144,"column":null}},"37":{"start":{"line":143,"column":6},"end":{"line":143,"column":51}},"38":{"start":{"line":146,"column":18},"end":{"line":146,"column":69}},"39":{"start":{"line":147,"column":16},"end":{"line":147,"column":59}},"40":{"start":{"line":149,"column":4},"end":{"line":149,"column":40}},"41":{"start":{"line":156,"column":4},"end":{"line":156,"column":69}},"42":{"start":{"line":166,"column":4},"end":{"line":166,"column":73}},"43":{"start":{"line":63,"column":0},"end":{"line":63,"column":13}}},"fnMap":{"0":{"name":"(anonymous_0)","decl":{"start":{"line":14,"column":2},"end":{"line":14,"column":null}},"loc":{"start":{"line":17,"column":36},"end":{"line":23,"column":3}}},"1":{"name":"(anonymous_1)","decl":{"start":{"line":25,"column":2},"end":{"line":25,"column":14}},"loc":{"start":{"line":25,"column":14},"end":{"line":32,"column":3}}},"2":{"name":"(anonymous_2)","decl":{"start":{"line":34,"column":2},"end":{"line":34,"column":8}},"loc":{"start":{"line":37,"column":20},"end":{"line":51,"column":3}}},"3":{"name":"(anonymous_3)","decl":{"start":{"line":64,"column":2},"end":{"line":64,"column":6}},"loc":{"start":{"line":64,"column":11},"end":{"line":66,"column":3}}},"4":{"name":"(anonymous_4)","decl":{"start":{"line":68,"column":2},"end":{"line":68,"column":6}},"loc":{"start":{"line":68,"column":9},"end":{"line":70,"column":3}}},"5":{"name":"(anonymous_5)","decl":{"start":{"line":72,"column":2},"end":{"line":72,"column":22}},"loc":{"start":{"line":72,"column":43},"end":{"line":74,"column":3}}},"6":{"name":"(anonymous_6)","decl":{"start":{"line":76,"column":9},"end":{"line":76,"column":15}},"loc":{"start":{"line":76,"column":79},"end":{"line":97,"column":3}}},"7":{"name":"(anonymous_7)","decl":{"start":{"line":102,"column":9},"end":{"line":102,"column":17}},"loc":{"start":{"line":102,"column":28},"end":{"line":104,"column":3}}},"8":{"name":"(anonymous_8)","decl":{"start":{"line":109,"column":9},"end":{"line":109,"column":17}},"loc":{"start":{"line":109,"column":34},"end":{"line":111,"column":3}}},"9":{"name":"(anonymous_9)","decl":{"start":{"line":116,"column":9},"end":{"line":116,"column":19}},"loc":{"start":{"line":116,"column":19},"end":{"line":118,"column":3}}},"10":{"name":"(anonymous_10)","decl":{"start":{"line":123,"column":9},"end":{"line":123,"column":21}},"loc":{"start":{"line":123,"column":21},"end":{"line":125,"column":3}}},"11":{"name":"(anonymous_11)","decl":{"start":{"line":130,"column":9},"end":{"line":130,"column":14}},"loc":{"start":{"line":130,"column":27},"end":{"line":136,"column":3}}},"12":{"name":"(anonymous_12)","decl":{"start":{"line":141,"column":9},"end":{"line":141,"column":21}},"loc":{"start":{"line":141,"column":38},"end":{"line":150,"column":3}}},"13":{"name":"(anonymous_13)","decl":{"start":{"line":155,"column":9},"end":{"line":155,"column":17}},"loc":{"start":{"line":155,"column":17},"end":{"line":157,"column":3}}},"14":{"name":"(anonymous_14)","decl":{"start":{"line":163,"column":10},"end":{"line":163,"column":24}},"loc":{"start":{"line":163,"column":49},"end":{"line":167,"column":3}}}},"branchMap":{"0":{"loc":{"start":{"line":17,"column":4},"end":{"line":17,"column":36}},"type":"default-arg","locations":[{"start":{"line":17,"column":19},"end":{"line":17,"column":36}}]},"1":{"loc":{"start":{"line":20,"column":19},"end":{"line":20,"column":71}},"type":"cond-expr","locations":[{"start":{"line":20,"column":24},"end":{"line":20,"column":37}},{"start":{"line":20,"column":40},"end":{"line":20,"column":71}}]},"2":{"loc":{"start":{"line":45,"column":4},"end":{"line":47,"column":null}},"type":"if","locations":[{"start":{"line":45,"column":4},"end":{"line":47,"column":null}}]},"3":{"loc":{"start":{"line":76,"column":47},"end":{"line":76,"column":79}},"type":"default-arg","locations":[{"start":{"line":76,"column":62},"end":{"line":76,"column":79}}]},"4":{"loc":{"start":{"line":82,"column":4},"end":{"line":84,"column":null}},"type":"if","locations":[{"start":{"line":82,"column":4},"end":{"line":84,"column":null}}]},"5":{"loc":{"start":{"line":86,"column":4},"end":{"line":88,"column":null}},"type":"if","locations":[{"start":{"line":86,"column":4},"end":{"line":88,"column":null}}]},"6":{"loc":{"start":{"line":103,"column":11},"end":{"line":103,"column":49}},"type":"binary-expr","locations":[{"start":{"line":103,"column":11},"end":{"line":103,"column":29}},{"start":{"line":103,"column":33},"end":{"line":103,"column":49}}]},"7":{"loc":{"start":{"line":110,"column":11},"end":{"line":110,"column":61}},"type":"binary-expr","locations":[{"start":{"line":110,"column":11},"end":{"line":110,"column":34}},{"start":{"line":110,"column":38},"end":{"line":110,"column":61}}]},"8":{"loc":{"start":{"line":142,"column":4},"end":{"line":144,"column":null}},"type":"if","locations":[{"start":{"line":142,"column":4},"end":{"line":144,"column":null}}]},"9":{"loc":{"start":{"line":146,"column":18},"end":{"line":146,"column":69}},"type":"cond-expr","locations":[{"start":{"line":146,"column":45},"end":{"line":146,"column":55}},{"start":{"line":146,"column":58},"end":{"line":146,"column":69}}]},"10":{"loc":{"start":{"line":147,"column":16},"end":{"line":147,"column":59}},"type":"cond-expr","locations":[{"start":{"line":147,"column":39},"end":{"line":147,"column":47}},{"start":{"line":147,"column":50},"end":{"line":147,"column":59}}]}},"s":{"0":2,"1":2,"2":2,"3":2,"4":2,"5":2,"6":1384,"7":1384,"8":1,"9":0,"10":0,"11":0,"12":0,"13":0,"14":0,"15":2,"16":2422,"17":2321,"18":1383,"19":1484,"20":1484,"21":0,"22":1484,"23":101,"24":1383,"25":1383,"26":1383,"27":1383,"28":505,"29":573,"30":203,"31":102,"32":1,"33":1,"34":1,"35":1,"36":95,"37":4,"38":91,"39":91,"40":91,"41":0,"42":1383,"43":2},"f":{"0":1384,"1":1,"2":0,"3":2422,"4":2321,"5":1383,"6":1484,"7":505,"8":573,"9":203,"10":102,"11":1,"12":95,"13":0,"14":1383},"b":{"0":[0],"1":[0,1384],"2":[0],"3":[1479],"4":[0],"5":[101],"6":[505,404],"7":[573,493],"8":[4],"9":[56,35],"10":[39,52]}}
,"/home/chris/domain-model/DDD_Artefacts/code/shared/domain/value-objects/Money.ts": {"path":"/home/chris/domain-model/DDD_Artefacts/code/shared/domain/value-objects/Money.ts","statementMap":{"0":{"start":{"line":1,"column":0},"end":{"line":1,"column":50}},"1":{"start":{"line":2,"column":0},"end":{"line":2,"column":71}},"2":{"start":{"line":3,"column":0},"end":{"line":3,"column":51}},"3":{"start":{"line":16,"column":4},"end":{"line":16,"column":29}},"4":{"start":{"line":20,"column":4},"end":{"line":20,"column":31}},"5":{"start":{"line":24,"column":4},"end":{"line":24,"column":64}},"6":{"start":{"line":28,"column":4},"end":{"line":28,"column":35}},"7":{"start":{"line":29,"column":22},"end":{"line":29,"column":61}},"8":{"start":{"line":30,"column":4},"end":{"line":30,"column":50}},"9":{"start":{"line":34,"column":4},"end":{"line":34,"column":35}},"10":{"start":{"line":35,"column":22},"end":{"line":35,"column":61}},"11":{"start":{"line":36,"column":4},"end":{"line":36,"column":50}},"12":{"start":{"line":40,"column":22},"end":{"line":40,"column":59}},"13":{"start":{"line":41,"column":4},"end":{"line":41,"column":50}},"14":{"start":{"line":45,"column":4},"end":{"line":47,"column":null}},"15":{"start":{"line":46,"column":6},"end":{"line":46,"column":41}},"16":{"start":{"line":48,"column":22},"end":{"line":48,"column":56}},"17":{"start":{"line":49,"column":4},"end":{"line":49,"column":50}},"18":{"start":{"line":53,"column":4},"end":{"line":53,"column":27}},"19":{"start":{"line":57,"column":4},"end":{"line":57,"column":27}},"20":{"start":{"line":61,"column":4},"end":{"line":61,"column":29}},"21":{"start":{"line":65,"column":4},"end":{"line":68,"column":6}},"22":{"start":{"line":72,"column":4},"end":{"line":75,"column":6}},"23":{"start":{"line":83,"column":4},"end":{"line":83,"column":25}},"24":{"start":{"line":87,"column":4},"end":{"line":87,"column":75}},"25":{"start":{"line":91,"column":4},"end":{"line":93,"column":null}},"26":{"start":{"line":92,"column":6},"end":{"line":92,"column":82}},"27":{"start":{"line":97,"column":24},"end":{"line":100,"column":6}},"28":{"start":{"line":102,"column":4},"end":{"line":104,"column":null}},"29":{"start":{"line":103,"column":6},"end":{"line":103,"column":43}},"30":{"start":{"line":106,"column":4},"end":{"line":108,"column":null}},"31":{"start":{"line":107,"column":6},"end":{"line":107,"column":55}},"32":{"start":{"line":110,"column":4},"end":{"line":112,"column":null}},"33":{"start":{"line":111,"column":6},"end":{"line":111,"column":60}},"34":{"start":{"line":114,"column":4},"end":{"line":118,"column":null}},"35":{"start":{"line":115,"column":6},"end":{"line":117,"column":8}},"36":{"start":{"line":121,"column":26},"end":{"line":121,"column":44}},"37":{"start":{"line":123,"column":4},"end":{"line":128,"column":6}},"38":{"start":{"line":132,"column":4},"end":{"line":135,"column":7}},"39":{"start":{"line":10,"column":0},"end":{"line":10,"column":13}},"40":{"start":{"line":11,"column":17},"end":{"line":11,"column":72}},"41":{"start":{"line":12,"column":17},"end":{"line":12,"column":36}},"42":{"start":{"line":13,"column":17},"end":{"line":13,"column":63}}},"fnMap":{"0":{"name":"(anonymous_0)","decl":{"start":{"line":15,"column":2},"end":{"line":15,"column":6}},"loc":{"start":{"line":15,"column":12},"end":{"line":17,"column":3}}},"1":{"name":"(anonymous_1)","decl":{"start":{"line":19,"column":2},"end":{"line":19,"column":6}},"loc":{"start":{"line":19,"column":14},"end":{"line":21,"column":3}}},"2":{"name":"(anonymous_2)","decl":{"start":{"line":23,"column":10},"end":{"line":23,"column":16}},"loc":{"start":{"line":23,"column":37},"end":{"line":25,"column":3}}},"3":{"name":"(anonymous_3)","decl":{"start":{"line":27,"column":9},"end":{"line":27,"column":12}},"loc":{"start":{"line":27,"column":25},"end":{"line":31,"column":3}}},"4":{"name":"(anonymous_4)","decl":{"start":{"line":33,"column":9},"end":{"line":33,"column":17}},"loc":{"start":{"line":33,"column":30},"end":{"line":37,"column":3}}},"5":{"name":"(anonymous_5)","decl":{"start":{"line":39,"column":9},"end":{"line":39,"column":17}},"loc":{"start":{"line":39,"column":36},"end":{"line":42,"column":3}}},"6":{"name":"(anonymous_6)","decl":{"start":{"line":44,"column":9},"end":{"line":44,"column":15}},"loc":{"start":{"line":44,"column":31},"end":{"line":50,"column":3}}},"7":{"name":"(anonymous_7)","decl":{"start":{"line":52,"column":9},"end":{"line":52,"column":19}},"loc":{"start":{"line":52,"column":19},"end":{"line":54,"column":3}}},"8":{"name":"(anonymous_8)","decl":{"start":{"line":56,"column":9},"end":{"line":56,"column":19}},"loc":{"start":{"line":56,"column":19},"end":{"line":58,"column":3}}},"9":{"name":"(anonymous_9)","decl":{"start":{"line":60,"column":9},"end":{"line":60,"column":15}},"loc":{"start":{"line":60,"column":15},"end":{"line":62,"column":3}}},"10":{"name":"(anonymous_10)","decl":{"start":{"line":64,"column":9},"end":{"line":64,"column":15}},"loc":{"start":{"line":64,"column":28},"end":{"line":69,"column":3}}},"11":{"name":"(anonymous_11)","decl":{"start":{"line":71,"column":9},"end":{"line":71,"column":15}},"loc":{"start":{"line":71,"column":15},"end":{"line":76,"column":3}}},"12":{"name":"(anonymous_12)","decl":{"start":{"line":82,"column":9},"end":{"line":82,"column":17}},"loc":{"start":{"line":82,"column":17},"end":{"line":84,"column":3}}},"13":{"name":"(anonymous_13)","decl":{"start":{"line":86,"column":9},"end":{"line":86,"column":17}},"loc":{"start":{"line":86,"column":17},"end":{"line":88,"column":3}}},"14":{"name":"(anonymous_14)","decl":{"start":{"line":90,"column":10},"end":{"line":90,"column":28}},"loc":{"start":{"line":90,"column":41},"end":{"line":94,"column":3}}},"15":{"name":"(anonymous_15)","decl":{"start":{"line":96,"column":9},"end":{"line":96,"column":15}},"loc":{"start":{"line":96,"column":55},"end":{"line":129,"column":3}}},"16":{"name":"(anonymous_16)","decl":{"start":{"line":131,"column":9},"end":{"line":131,"column":15}},"loc":{"start":{"line":131,"column":45},"end":{"line":136,"column":3}}}},"branchMap":{"0":{"loc":{"start":{"line":45,"column":4},"end":{"line":47,"column":null}},"type":"if","locations":[{"start":{"line":45,"column":4},"end":{"line":47,"column":null}}]},"1":{"loc":{"start":{"line":66,"column":6},"end":{"line":67,"column":34}},"type":"binary-expr","locations":[{"start":{"line":66,"column":6},"end":{"line":66,"column":38}},{"start":{"line":67,"column":6},"end":{"line":67,"column":34}}]},"2":{"loc":{"start":{"line":91,"column":4},"end":{"line":93,"column":null}},"type":"if","locations":[{"start":{"line":91,"column":4},"end":{"line":93,"column":null}}]},"3":{"loc":{"start":{"line":102,"column":4},"end":{"line":104,"column":null}},"type":"if","locations":[{"start":{"line":102,"column":4},"end":{"line":104,"column":null}}]},"4":{"loc":{"start":{"line":106,"column":4},"end":{"line":108,"column":null}},"type":"if","locations":[{"start":{"line":106,"column":4},"end":{"line":108,"column":null}}]},"5":{"loc":{"start":{"line":110,"column":4},"end":{"line":112,"column":null}},"type":"if","locations":[{"start":{"line":110,"column":4},"end":{"line":112,"column":null}}]},"6":{"loc":{"start":{"line":110,"column":8},"end":{"line":110,"column":68}},"type":"binary-expr","locations":[{"start":{"line":110,"column":8},"end":{"line":110,"column":36}},{"start":{"line":110,"column":40},"end":{"line":110,"column":68}}]},"7":{"loc":{"start":{"line":114,"column":4},"end":{"line":118,"column":null}},"type":"if","locations":[{"start":{"line":114,"column":4},"end":{"line":118,"column":null}}]},"8":{"loc":{"start":{"line":131,"column":21},"end":{"line":131,"column":45}},"type":"default-arg","locations":[{"start":{"line":131,"column":40},"end":{"line":131,"column":45}}]}},"s":{"0":0,"1":0,"2":0,"3":0,"4":0,"5":0,"6":0,"7":0,"8":0,"9":0,"10":0,"11":0,"12":0,"13":0,"14":0,"15":0,"16":0,"17":0,"18":0,"19":0,"20":0,"21":0,"22":0,"23":0,"24":0,"25":0,"26":0,"27":0,"28":0,"29":0,"30":0,"31":0,"32":0,"33":0,"34":0,"35":0,"36":0,"37":0,"38":0,"39":0,"40":0,"41":0,"42":0},"f":{"0":0,"1":0,"2":0,"3":0,"4":0,"5":0,"6":0,"7":0,"8":0,"9":0,"10":0,"11":0,"12":0,"13":0,"14":0,"15":0,"16":0},"b":{"0":[0],"1":[0,0],"2":[0],"3":[0],"4":[0],"5":[0],"6":[0,0],"7":[0],"8":[0]}}
,"/home/chris/domain-model/DDD_Artefacts/code/shared/domain/value-objects/Quantity.ts": {"path":"/home/chris/domain-model/DDD_Artefacts/code/shared/domain/value-objects/Quantity.ts","statementMap":{"0":{"start":{"line":1,"column":0},"end":{"line":1,"column":50}},"1":{"start":{"line":2,"column":0},"end":{"line":2,"column":63}},"2":{"start":{"line":3,"column":0},"end":{"line":3,"column":43}},"3":{"start":{"line":5,"column":0},"end":{"line":5,"column":null}},"4":{"start":{"line":6,"column":2},"end":{"line":6,"column":null}},"5":{"start":{"line":7,"column":2},"end":{"line":7,"column":null}},"6":{"start":{"line":8,"column":2},"end":{"line":8,"column":null}},"7":{"start":{"line":9,"column":2},"end":{"line":9,"column":null}},"8":{"start":{"line":10,"column":2},"end":{"line":10,"column":null}},"9":{"start":{"line":11,"column":2},"end":{"line":11,"column":null}},"10":{"start":{"line":12,"column":2},"end":{"line":12,"column":null}},"11":{"start":{"line":31,"column":4},"end":{"line":31,"column":28}},"12":{"start":{"line":35,"column":4},"end":{"line":35,"column":27}},"13":{"start":{"line":39,"column":4},"end":{"line":39,"column":17}},"14":{"start":{"line":43,"column":24},"end":{"line":46,"column":6}},"15":{"start":{"line":48,"column":4},"end":{"line":50,"column":null}},"16":{"start":{"line":49,"column":6},"end":{"line":49,"column":43}},"17":{"start":{"line":52,"column":4},"end":{"line":54,"column":null}},"18":{"start":{"line":53,"column":6},"end":{"line":53,"column":58}},"19":{"start":{"line":56,"column":4},"end":{"line":58,"column":null}},"20":{"start":{"line":57,"column":6},"end":{"line":57,"column":57}},"21":{"start":{"line":60,"column":4},"end":{"line":60,"column":50}},"22":{"start":{"line":64,"column":4},"end":{"line":66,"column":null}},"23":{"start":{"line":65,"column":6},"end":{"line":65,"column":102}},"24":{"start":{"line":68,"column":4},"end":{"line":68,"column":67}},"25":{"start":{"line":72,"column":4},"end":{"line":74,"column":null}},"26":{"start":{"line":73,"column":6},"end":{"line":73,"column":107}},"27":{"start":{"line":76,"column":21},"end":{"line":76,"column":48}},"28":{"start":{"line":77,"column":4},"end":{"line":79,"column":null}},"29":{"start":{"line":78,"column":6},"end":{"line":78,"column":70}},"30":{"start":{"line":81,"column":4},"end":{"line":81,"column":48}},"31":{"start":{"line":85,"column":4},"end":{"line":87,"column":null}},"32":{"start":{"line":86,"column":6},"end":{"line":86,"column":54}},"33":{"start":{"line":89,"column":4},"end":{"line":89,"column":63}},"34":{"start":{"line":93,"column":4},"end":{"line":93,"column":28}},"35":{"start":{"line":97,"column":4},"end":{"line":97,"column":26}},"36":{"start":{"line":101,"column":4},"end":{"line":101,"column":40}},"37":{"start":{"line":105,"column":4},"end":{"line":107,"column":null}},"38":{"start":{"line":106,"column":6},"end":{"line":106,"column":19}},"39":{"start":{"line":108,"column":4},"end":{"line":110,"column":null}},"40":{"start":{"line":109,"column":6},"end":{"line":109,"column":19}},"41":{"start":{"line":111,"column":4},"end":{"line":111,"column":60}},"42":{"start":{"line":29,"column":0},"end":{"line":29,"column":13}}},"fnMap":{"0":{"name":"(anonymous_0)","decl":{"start":{"line":5,"column":0},"end":{"line":5,"column":12}},"loc":{"start":{"line":5,"column":25},"end":{"line":13,"column":1}}},"1":{"name":"(anonymous_1)","decl":{"start":{"line":30,"column":2},"end":{"line":30,"column":6}},"loc":{"start":{"line":30,"column":11},"end":{"line":32,"column":3}}},"2":{"name":"(anonymous_2)","decl":{"start":{"line":34,"column":2},"end":{"line":34,"column":6}},"loc":{"start":{"line":34,"column":10},"end":{"line":36,"column":3}}},"3":{"name":"(anonymous_3)","decl":{"start":{"line":38,"column":2},"end":{"line":38,"column":22}},"loc":{"start":{"line":38,"column":42},"end":{"line":40,"column":3}}},"4":{"name":"(anonymous_4)","decl":{"start":{"line":42,"column":9},"end":{"line":42,"column":15}},"loc":{"start":{"line":42,"column":57},"end":{"line":61,"column":3}}},"5":{"name":"(anonymous_5)","decl":{"start":{"line":63,"column":9},"end":{"line":63,"column":12}},"loc":{"start":{"line":63,"column":31},"end":{"line":69,"column":3}}},"6":{"name":"(anonymous_6)","decl":{"start":{"line":71,"column":9},"end":{"line":71,"column":17}},"loc":{"start":{"line":71,"column":36},"end":{"line":82,"column":3}}},"7":{"name":"(anonymous_7)","decl":{"start":{"line":84,"column":9},"end":{"line":84,"column":17}},"loc":{"start":{"line":84,"column":36},"end":{"line":90,"column":3}}},"8":{"name":"(anonymous_8)","decl":{"start":{"line":92,"column":9},"end":{"line":92,"column":15}},"loc":{"start":{"line":92,"column":15},"end":{"line":94,"column":3}}},"9":{"name":"(anonymous_9)","decl":{"start":{"line":96,"column":9},"end":{"line":96,"column":19}},"loc":{"start":{"line":96,"column":19},"end":{"line":98,"column":3}}},"10":{"name":"(anonymous_10)","decl":{"start":{"line":100,"column":9},"end":{"line":100,"column":17}},"loc":{"start":{"line":100,"column":17},"end":{"line":102,"column":3}}},"11":{"name":"(anonymous_11)","decl":{"start":{"line":104,"column":9},"end":{"line":104,"column":15}},"loc":{"start":{"line":104,"column":47},"end":{"line":112,"column":3}}}},"branchMap":{"0":{"loc":{"start":{"line":5,"column":12},"end":{"line":5,"column":null}},"type":"binary-expr","locations":[{"start":{"line":5,"column":12},"end":{"line":5,"column":25}},{"start":{"line":5,"column":12},"end":{"line":5,"column":null}}]},"1":{"loc":{"start":{"line":48,"column":4},"end":{"line":50,"column":null}},"type":"if","locations":[{"start":{"line":48,"column":4},"end":{"line":50,"column":null}}]},"2":{"loc":{"start":{"line":52,"column":4},"end":{"line":54,"column":null}},"type":"if","locations":[{"start":{"line":52,"column":4},"end":{"line":54,"column":null}}]},"3":{"loc":{"start":{"line":56,"column":4},"end":{"line":58,"column":null}},"type":"if","locations":[{"start":{"line":56,"column":4},"end":{"line":58,"column":null}}]},"4":{"loc":{"start":{"line":64,"column":4},"end":{"line":66,"column":null}},"type":"if","locations":[{"start":{"line":64,"column":4},"end":{"line":66,"column":null}}]},"5":{"loc":{"start":{"line":72,"column":4},"end":{"line":74,"column":null}},"type":"if","locations":[{"start":{"line":72,"column":4},"end":{"line":74,"column":null}}]},"6":{"loc":{"start":{"line":77,"column":4},"end":{"line":79,"column":null}},"type":"if","locations":[{"start":{"line":77,"column":4},"end":{"line":79,"column":null}}]},"7":{"loc":{"start":{"line":85,"column":4},"end":{"line":87,"column":null}},"type":"if","locations":[{"start":{"line":85,"column":4},"end":{"line":87,"column":null}}]},"8":{"loc":{"start":{"line":105,"column":4},"end":{"line":107,"column":null}},"type":"if","locations":[{"start":{"line":105,"column":4},"end":{"line":107,"column":null}}]},"9":{"loc":{"start":{"line":105,"column":8},"end":{"line":105,"column":39}},"type":"binary-expr","locations":[{"start":{"line":105,"column":8},"end":{"line":105,"column":19}},{"start":{"line":105,"column":23},"end":{"line":105,"column":39}}]},"10":{"loc":{"start":{"line":108,"column":4},"end":{"line":110,"column":null}},"type":"if","locations":[{"start":{"line":108,"column":4},"end":{"line":110,"column":null}}]},"11":{"loc":{"start":{"line":111,"column":11},"end":{"line":111,"column":59}},"type":"binary-expr","locations":[{"start":{"line":111,"column":11},"end":{"line":111,"column":34}},{"start":{"line":111,"column":38},"end":{"line":111,"column":59}}]}},"s":{"0":0,"1":0,"2":0,"3":0,"4":0,"5":0,"6":0,"7":0,"8":0,"9":0,"10":0,"11":0,"12":0,"13":0,"14":0,"15":0,"16":0,"17":0,"18":0,"19":0,"20":0,"21":0,"22":0,"23":0,"24":0,"25":0,"26":0,"27":0,"28":0,"29":0,"30":0,"31":0,"32":0,"33":0,"34":0,"35":0,"36":0,"37":0,"38":0,"39":0,"40":0,"41":0,"42":0},"f":{"0":0,"1":0,"2":0,"3":0,"4":0,"5":0,"6":0,"7":0,"8":0,"9":0,"10":0,"11":0},"b":{"0":[0,0],"1":[0],"2":[0],"3":[0],"4":[0],"5":[0],"6":[0],"7":[0],"8":[0],"9":[0,0],"10":[0],"11":[0,0]}}
,"/home/chris/domain-model/DDD_Artefacts/code/shared/domain/value-objects/TimeSlot.ts": {"path":"/home/chris/domain-model/DDD_Artefacts/code/shared/domain/value-objects/TimeSlot.ts","statementMap":{"0":{"start":{"line":1,"column":0},"end":{"line":1,"column":50}},"1":{"start":{"line":2,"column":0},"end":{"line":2,"column":63}},"2":{"start":{"line":3,"column":0},"end":{"line":3,"column":43}},"3":{"start":{"line":4,"column":0},"end":{"line":4,"column":58}},"4":{"start":{"line":26,"column":4},"end":{"line":26,"column":42}},"5":{"start":{"line":30,"column":4},"end":{"line":30,"column":40}},"6":{"start":{"line":34,"column":4},"end":{"line":34,"column":89}},"7":{"start":{"line":38,"column":4},"end":{"line":38,"column":17}},"8":{"start":{"line":42,"column":24},"end":{"line":45,"column":6}},"9":{"start":{"line":47,"column":4},"end":{"line":49,"column":null}},"10":{"start":{"line":48,"column":6},"end":{"line":48,"column":43}},"11":{"start":{"line":51,"column":4},"end":{"line":53,"column":null}},"12":{"start":{"line":52,"column":6},"end":{"line":52,"column":59}},"13":{"start":{"line":56,"column":4},"end":{"line":61,"column":null}},"14":{"start":{"line":57,"column":18},"end":{"line":57,"column":29}},"15":{"start":{"line":58,"column":6},"end":{"line":60,"column":null}},"16":{"start":{"line":59,"column":8},"end":{"line":59,"column":59}},"17":{"start":{"line":63,"column":28},"end":{"line":63,"column":83}},"18":{"start":{"line":65,"column":4},"end":{"line":67,"column":null}},"19":{"start":{"line":66,"column":6},"end":{"line":66,"column":101}},"20":{"start":{"line":69,"column":4},"end":{"line":71,"column":null}},"21":{"start":{"line":70,"column":6},"end":{"line":70,"column":96}},"22":{"start":{"line":73,"column":4},"end":{"line":73,"column":57}},"23":{"start":{"line":77,"column":4},"end":{"line":80,"column":6}},"24":{"start":{"line":84,"column":16},"end":{"line":84,"column":27}},"25":{"start":{"line":85,"column":4},"end":{"line":85,"column":55}},"26":{"start":{"line":89,"column":16},"end":{"line":89,"column":27}},"27":{"start":{"line":90,"column":4},"end":{"line":90,"column":32}},"28":{"start":{"line":94,"column":16},"end":{"line":94,"column":27}},"29":{"start":{"line":95,"column":4},"end":{"line":95,"column":31}},"30":{"start":{"line":99,"column":23},"end":{"line":101,"column":5}},"31":{"start":{"line":100,"column":6},"end":{"line":100,"column":81}},"32":{"start":{"line":103,"column":23},"end":{"line":105,"column":5}},"33":{"start":{"line":104,"column":6},"end":{"line":104,"column":39}},"34":{"start":{"line":108,"column":4},"end":{"line":110,"column":null}},"35":{"start":{"line":109,"column":6},"end":{"line":109,"column":105}},"36":{"start":{"line":113,"column":4},"end":{"line":113,"column":131}},"37":{"start":{"line":117,"column":4},"end":{"line":119,"column":null}},"38":{"start":{"line":118,"column":6},"end":{"line":118,"column":19}},"39":{"start":{"line":120,"column":4},"end":{"line":122,"column":null}},"40":{"start":{"line":121,"column":6},"end":{"line":121,"column":19}},"41":{"start":{"line":125,"column":4},"end":{"line":128,"column":6}},"42":{"start":{"line":21,"column":0},"end":{"line":21,"column":13}},"43":{"start":{"line":22,"column":26},"end":{"line":22,"column":52}},"44":{"start":{"line":23,"column":26},"end":{"line":23,"column":49}}},"fnMap":{"0":{"name":"(anonymous_0)","decl":{"start":{"line":25,"column":2},"end":{"line":25,"column":6}},"loc":{"start":{"line":25,"column":15},"end":{"line":27,"column":3}}},"1":{"name":"(anonymous_1)","decl":{"start":{"line":29,"column":2},"end":{"line":29,"column":6}},"loc":{"start":{"line":29,"column":13},"end":{"line":31,"column":3}}},"2":{"name":"(anonymous_2)","decl":{"start":{"line":33,"column":2},"end":{"line":33,"column":6}},"loc":{"start":{"line":33,"column":21},"end":{"line":35,"column":3}}},"3":{"name":"(anonymous_3)","decl":{"start":{"line":37,"column":2},"end":{"line":37,"column":22}},"loc":{"start":{"line":37,"column":42},"end":{"line":39,"column":3}}},"4":{"name":"(anonymous_4)","decl":{"start":{"line":41,"column":9},"end":{"line":41,"column":15}},"loc":{"start":{"line":41,"column":130},"end":{"line":74,"column":3}}},"5":{"name":"(anonymous_5)","decl":{"start":{"line":76,"column":9},"end":{"line":76,"column":22}},"loc":{"start":{"line":76,"column":41},"end":{"line":81,"column":3}}},"6":{"name":"(anonymous_6)","decl":{"start":{"line":83,"column":9},"end":{"line":83,"column":17}},"loc":{"start":{"line":83,"column":50},"end":{"line":86,"column":3}}},"7":{"name":"(anonymous_7)","decl":{"start":{"line":88,"column":9},"end":{"line":88,"column":18}},"loc":{"start":{"line":88,"column":51},"end":{"line":91,"column":3}}},"8":{"name":"(anonymous_8)","decl":{"start":{"line":93,"column":9},"end":{"line":93,"column":18}},"loc":{"start":{"line":93,"column":51},"end":{"line":96,"column":3}}},"9":{"name":"(anonymous_9)","decl":{"start":{"line":98,"column":9},"end":{"line":98,"column":17}},"loc":{"start":{"line":98,"column":17},"end":{"line":114,"column":3}}},"10":{"name":"(anonymous_10)","decl":{"start":{"line":99,"column":23},"end":{"line":99,"column":24}},"loc":{"start":{"line":99,"column":38},"end":{"line":101,"column":5}}},"11":{"name":"(anonymous_11)","decl":{"start":{"line":103,"column":23},"end":{"line":103,"column":24}},"loc":{"start":{"line":103,"column":38},"end":{"line":105,"column":5}}},"12":{"name":"(anonymous_12)","decl":{"start":{"line":116,"column":9},"end":{"line":116,"column":15}},"loc":{"start":{"line":116,"column":47},"end":{"line":129,"column":3}}}},"branchMap":{"0":{"loc":{"start":{"line":41,"column":55},"end":{"line":41,"column":96}},"type":"default-arg","locations":[{"start":{"line":41,"column":92},"end":{"line":41,"column":96}}]},"1":{"loc":{"start":{"line":41,"column":98},"end":{"line":41,"column":130}},"type":"default-arg","locations":[{"start":{"line":41,"column":113},"end":{"line":41,"column":130}}]},"2":{"loc":{"start":{"line":47,"column":4},"end":{"line":49,"column":null}},"type":"if","locations":[{"start":{"line":47,"column":4},"end":{"line":49,"column":null}}]},"3":{"loc":{"start":{"line":51,"column":4},"end":{"line":53,"column":null}},"type":"if","locations":[{"start":{"line":51,"column":4},"end":{"line":53,"column":null}}]},"4":{"loc":{"start":{"line":56,"column":4},"end":{"line":61,"column":null}},"type":"if","locations":[{"start":{"line":56,"column":4},"end":{"line":61,"column":null}}]},"5":{"loc":{"start":{"line":58,"column":6},"end":{"line":60,"column":null}},"type":"if","locations":[{"start":{"line":58,"column":6},"end":{"line":60,"column":null}}]},"6":{"loc":{"start":{"line":65,"column":4},"end":{"line":67,"column":null}},"type":"if","locations":[{"start":{"line":65,"column":4},"end":{"line":67,"column":null}}]},"7":{"loc":{"start":{"line":69,"column":4},"end":{"line":71,"column":null}},"type":"if","locations":[{"start":{"line":69,"column":4},"end":{"line":71,"column":null}}]},"8":{"loc":{"start":{"line":78,"column":6},"end":{"line":79,"column":81}},"type":"binary-expr","locations":[{"start":{"line":78,"column":7},"end":{"line":78,"column":43}},{"start":{"line":78,"column":47},"end":{"line":78,"column":80}},{"start":{"line":79,"column":7},"end":{"line":79,"column":43}},{"start":{"line":79,"column":47},"end":{"line":79,"column":80}}]},"9":{"loc":{"start":{"line":83,"column":18},"end":{"line":83,"column":50}},"type":"default-arg","locations":[{"start":{"line":83,"column":33},"end":{"line":83,"column":50}}]},"10":{"loc":{"start":{"line":85,"column":11},"end":{"line":85,"column":54}},"type":"binary-expr","locations":[{"start":{"line":85,"column":11},"end":{"line":85,"column":32}},{"start":{"line":85,"column":36},"end":{"line":85,"column":54}}]},"11":{"loc":{"start":{"line":88,"column":19},"end":{"line":88,"column":51}},"type":"default-arg","locations":[{"start":{"line":88,"column":34},"end":{"line":88,"column":51}}]},"12":{"loc":{"start":{"line":93,"column":19},"end":{"line":93,"column":51}},"type":"default-arg","locations":[{"start":{"line":93,"column":34},"end":{"line":93,"column":51}}]},"13":{"loc":{"start":{"line":108,"column":4},"end":{"line":110,"column":null}},"type":"if","locations":[{"start":{"line":108,"column":4},"end":{"line":110,"column":null}}]},"14":{"loc":{"start":{"line":117,"column":4},"end":{"line":119,"column":null}},"type":"if","locations":[{"start":{"line":117,"column":4},"end":{"line":119,"column":null}}]},"15":{"loc":{"start":{"line":117,"column":8},"end":{"line":117,"column":39}},"type":"binary-expr","locations":[{"start":{"line":117,"column":8},"end":{"line":117,"column":19}},{"start":{"line":117,"column":23},"end":{"line":117,"column":39}}]},"16":{"loc":{"start":{"line":120,"column":4},"end":{"line":122,"column":null}},"type":"if","locations":[{"start":{"line":120,"column":4},"end":{"line":122,"column":null}}]},"17":{"loc":{"start":{"line":126,"column":6},"end":{"line":127,"column":65}},"type":"binary-expr","locations":[{"start":{"line":126,"column":6},"end":{"line":126,"column":69}},{"start":{"line":127,"column":6},"end":{"line":127,"column":65}}]}},"s":{"0":1,"1":1,"2":1,"3":1,"4":9,"5":8,"6":1,"7":6,"8":8,"9":8,"10":0,"11":8,"12":1,"13":7,"14":4,"15":4,"16":1,"17":6,"18":6,"19":0,"20":6,"21":0,"22":6,"23":0,"24":4,"25":4,"26":4,"27":4,"28":4,"29":4,"30":0,"31":0,"32":0,"33":0,"34":0,"35":0,"36":0,"37":0,"38":0,"39":0,"40":0,"41":0,"42":1,"43":1,"44":1},"f":{"0":9,"1":8,"2":1,"3":6,"4":8,"5":0,"6":4,"7":4,"8":4,"9":0,"10":0,"11":0,"12":0},"b":{"0":[0],"1":[0],"2":[0],"3":[1],"4":[4],"5":[1],"6":[0],"7":[0],"8":[0,0,0,0],"9":[0],"10":[4,3],"11":[0],"12":[0],"13":[0],"14":[0],"15":[0,0],"16":[0],"17":[0,0]}}
,"/home/chris/domain-model/DDD_Artefacts/code/shared/domain/value-objects/index.ts": {"path":"/home/chris/domain-model/DDD_Artefacts/code/shared/domain/value-objects/index.ts","statementMap":{"0":{"start":{"line":2,"column":0},"end":{"line":2,"column":26}},"1":{"start":{"line":3,"column":0},"end":{"line":3,"column":24}},"2":{"start":{"line":4,"column":0},"end":{"line":4,"column":27}},"3":{"start":{"line":5,"column":0},"end":{"line":5,"column":27}}},"fnMap":{},"branchMap":{},"s":{"0":0,"1":0,"2":0,"3":0},"f":{},"b":{}}
}
