TN:
SF:domain/Address.ts
FN:15,(anonymous_0)
FN:19,(anonymous_1)
FN:23,(anonymous_2)
FN:27,(anonymous_3)
FN:31,(anonymous_4)
FN:35,(anonymous_5)
FN:39,(anonymous_6)
FN:43,(anonymous_7)
FN:57,(anonymous_8)
FNF:9
FNH:0
FNDA:0,(anonymous_0)
FNDA:0,(anonymous_1)
FNDA:0,(anonymous_2)
FNDA:0,(anonymous_3)
FNDA:0,(anonymous_4)
FNDA:0,(anonymous_5)
FNDA:0,(anonymous_6)
FNDA:0,(anonymous_7)
FNDA:0,(anonymous_8)
DA:1,0
DA:2,0
DA:3,0
DA:14,0
DA:16,0
DA:20,0
DA:24,0
DA:28,0
DA:32,0
DA:36,0
DA:40,0
DA:44,0
DA:50,0
DA:51,0
DA:54,0
DA:58,0
DA:60,0
DA:61,0
DA:64,0
DA:65,0
DA:68,0
DA:70,0
DA:71,0
DA:74,0
LF:24
LH:0
BRDA:50,0,0,0
BRDA:60,1,0,0
BRDA:64,2,0,0
BRDA:70,3,0,0
BRF:4
BRH:0
end_of_record
TN:
SF:domain/AggregateRoot.ts
FN:9,(anonymous_0)
FN:14,(anonymous_1)
FN:18,(anonymous_2)
FN:22,(anonymous_3)
FN:26,(anonymous_4)
FN:30,(anonymous_5)
FNF:6
FNH:0
FNDA:0,(anonymous_0)
FNDA:0,(anonymous_1)
FNDA:0,(anonymous_2)
FNDA:0,(anonymous_3)
FNDA:0,(anonymous_4)
FNDA:0,(anonymous_5)
DA:2,0
DA:4,0
DA:5,0
DA:10,0
DA:11,0
DA:15,0
DA:19,0
DA:23,0
DA:27,0
DA:31,0
DA:32,0
DA:35,0
DA:36,0
DA:39,0
DA:40,0
DA:43,0
LF:16
LH:0
BRDA:10,0,0,0
BRDA:10,0,1,0
BRDA:31,1,0,0
BRDA:31,2,0,0
BRDA:31,2,1,0
BRDA:35,3,0,0
BRDA:39,4,0,0
BRF:7
BRH:0
end_of_record
TN:
SF:domain/Clock.ts
FN:18,(anonymous_0)
FN:30,(anonymous_1)
FN:37,(anonymous_2)
FN:44,(anonymous_3)
FN:51,(anonymous_4)
FN:58,(anonymous_5)
FN:65,(anonymous_6)
FN:72,(anonymous_7)
FN:79,(anonymous_8)
FNF:9
FNH:5
FNDA:1379,(anonymous_0)
FNDA:24,(anonymous_1)
FNDA:33,(anonymous_2)
FNDA:2,(anonymous_3)
FNDA:0,(anonymous_4)
FNDA:2,(anonymous_5)
FNDA:0,(anonymous_6)
FNDA:0,(anonymous_7)
FNDA:0,(anonymous_8)
DA:17,3
DA:19,1379
DA:27,3
DA:31,24
DA:38,33
DA:45,2
DA:52,0
DA:59,2
DA:66,0
DA:73,0
DA:80,0
LF:11
LH:7
BRDA:31,0,0,24
BRDA:31,0,1,0
BRF:2
BRH:1
end_of_record
TN:
SF:domain/Money.ts
FN:15,(anonymous_0)
FN:19,(anonymous_1)
FN:23,(anonymous_2)
FN:27,(anonymous_3)
FN:33,(anonymous_4)
FN:39,(anonymous_5)
FN:44,(anonymous_6)
FN:52,(anonymous_7)
FN:56,(anonymous_8)
FN:60,(anonymous_9)
FN:64,(anonymous_10)
FN:71,(anonymous_11)
FN:78,(anonymous_12)
FN:82,(anonymous_13)
FN:88,(anonymous_14)
FN:123,(anonymous_15)
FNF:16
FNH:0
FNDA:0,(anonymous_0)
FNDA:0,(anonymous_1)
FNDA:0,(anonymous_2)
FNDA:0,(anonymous_3)
FNDA:0,(anonymous_4)
FNDA:0,(anonymous_5)
FNDA:0,(anonymous_6)
FNDA:0,(anonymous_7)
FNDA:0,(anonymous_8)
FNDA:0,(anonymous_9)
FNDA:0,(anonymous_10)
FNDA:0,(anonymous_11)
FNDA:0,(anonymous_12)
FNDA:0,(anonymous_13)
FNDA:0,(anonymous_14)
FNDA:0,(anonymous_15)
DA:1,0
DA:2,0
DA:3,0
DA:10,0
DA:11,0
DA:12,0
DA:13,0
DA:16,0
DA:20,0
DA:24,0
DA:28,0
DA:29,0
DA:30,0
DA:34,0
DA:35,0
DA:36,0
DA:40,0
DA:41,0
DA:45,0
DA:46,0
DA:48,0
DA:49,0
DA:53,0
DA:57,0
DA:61,0
DA:65,0
DA:72,0
DA:79,0
DA:83,0
DA:84,0
DA:89,0
DA:94,0
DA:95,0
DA:98,0
DA:99,0
DA:102,0
DA:103,0
DA:106,0
DA:107,0
DA:113,0
DA:115,0
DA:124,0
LF:42
LH:0
BRDA:45,0,0,0
BRDA:66,1,0,0
BRDA:66,1,1,0
BRDA:83,2,0,0
BRDA:94,3,0,0
BRDA:98,4,0,0
BRDA:102,5,0,0
BRDA:102,6,0,0
BRDA:102,6,1,0
BRDA:106,7,0,0
BRDA:123,8,0,0
BRF:11
BRH:0
end_of_record
TN:
SF:domain/UniqueEntityID.ts
FN:6,(anonymous_0)
FN:10,(anonymous_1)
FN:14,(anonymous_2)
FN:18,(anonymous_3)
FNF:4
FNH:0
FNDA:0,(anonymous_0)
FNDA:0,(anonymous_1)
FNDA:0,(anonymous_2)
FNDA:0,(anonymous_3)
DA:1,0
DA:3,0
DA:7,0
DA:11,0
DA:15,0
DA:19,0
DA:20,0
DA:22,0
DA:23,0
DA:25,0
LF:10
LH:0
BRDA:7,0,0,0
BRDA:7,0,1,0
BRDA:19,1,0,0
BRDA:19,2,0,0
BRDA:19,2,1,0
BRDA:22,3,0,0
BRF:6
BRH:0
end_of_record
TN:
SF:domain/ValueObject.ts
FN:4,(anonymous_0)
FN:8,(anonymous_1)
FNF:2
FNH:0
FNDA:0,(anonymous_0)
FNDA:0,(anonymous_1)
DA:1,0
DA:5,0
DA:9,0
DA:10,0
DA:13,0
DA:14,0
DA:17,0
LF:7
LH:0
BRDA:9,0,0,0
BRDA:9,1,0,0
BRDA:9,1,1,0
BRDA:13,2,0,0
BRF:4
BRH:0
end_of_record
TN:
SF:domain/index.ts
FNF:0
FNH:0
DA:2,0
DA:3,0
DA:4,0
LF:3
LH:0
BRF:0
BRH:0
end_of_record
TN:
SF:domain/base/AggregateRoot.ts
FN:10,(anonymous_0)
FN:18,(anonymous_1)
FN:26,(anonymous_2)
FN:30,(anonymous_3)
FN:38,(anonymous_4)
FN:46,(anonymous_5)
FN:50,(anonymous_6)
FNF:7
FNH:0
FNDA:0,(anonymous_0)
FNDA:0,(anonymous_1)
FNDA:0,(anonymous_2)
FNDA:0,(anonymous_3)
FNDA:0,(anonymous_4)
FNDA:0,(anonymous_5)
FNDA:0,(anonymous_6)
DA:2,0
DA:3,0
DA:5,0
DA:6,0
DA:11,0
DA:12,0
DA:19,0
DA:27,0
DA:31,0
DA:40,0
DA:43,0
DA:47,0
DA:51,0
DA:52,0
DA:55,0
DA:56,0
DA:59,0
DA:60,0
DA:63,0
LF:19
LH:0
BRDA:11,0,0,0
BRDA:11,0,1,0
BRDA:51,1,0,0
BRDA:51,2,0,0
BRDA:51,2,1,0
BRDA:55,3,0,0
BRDA:59,4,0,0
BRF:7
BRH:0
end_of_record
TN:
SF:domain/base/Entity.ts
FN:15,(anonymous_0)
FN:23,(anonymous_1)
FN:30,(anonymous_2)
FN:37,(anonymous_3)
FN:44,(anonymous_4)
FN:51,(anonymous_5)
FNF:6
FNH:0
FNDA:0,(anonymous_0)
FNDA:0,(anonymous_1)
FNDA:0,(anonymous_2)
FNDA:0,(anonymous_3)
FNDA:0,(anonymous_4)
FNDA:0,(anonymous_5)
DA:1,0
DA:10,0
DA:13,0
DA:16,0
DA:17,0
DA:24,0
DA:31,0
DA:38,0
DA:45,0
DA:52,0
DA:53,0
DA:56,0
DA:57,0
DA:60,0
DA:61,0
DA:64,0
LF:16
LH:0
BRDA:16,0,0,0
BRDA:16,0,1,0
BRDA:52,1,0,0
BRDA:52,2,0,0
BRDA:52,2,1,0
BRDA:56,3,0,0
BRDA:60,4,0,0
BRF:7
BRH:0
end_of_record
TN:
SF:domain/base/UniqueEntityID.ts
FN:6,(anonymous_0)
FN:10,(anonymous_1)
FN:14,(anonymous_2)
FN:18,(anonymous_3)
FNF:4
FNH:2
FNDA:2768,(anonymous_0)
FNDA:2768,(anonymous_1)
FNDA:0,(anonymous_2)
FNDA:0,(anonymous_3)
DA:1,2
DA:3,2
DA:7,2768
DA:11,2768
DA:15,0
DA:19,0
DA:20,0
DA:22,0
DA:23,0
DA:25,0
LF:10
LH:4
BRDA:7,0,0,2768
BRDA:7,0,1,2768
BRDA:19,1,0,0
BRDA:19,2,0,0
BRDA:19,2,1,0
BRDA:22,3,0,0
BRF:6
BRH:2
end_of_record
TN:
SF:domain/base/ValueObject.ts
FN:4,(anonymous_0)
FN:8,(anonymous_1)
FNF:2
FNH:1
FNDA:1389,(anonymous_0)
FNDA:0,(anonymous_1)
DA:1,3
DA:5,1389
DA:9,0
DA:10,0
DA:13,0
DA:14,0
DA:17,0
LF:7
LH:2
BRDA:9,0,0,0
BRDA:9,1,0,0
BRDA:9,1,1,0
BRDA:13,2,0,0
BRF:4
BRH:0
end_of_record
TN:
SF:domain/base/index.ts
FNF:0
FNH:0
DA:2,0
DA:3,0
DA:4,0
LF:3
LH:0
BRF:0
BRH:0
end_of_record
TN:
SF:domain/events/DomainEvent.ts
FN:14,(anonymous_0)
FN:22,(anonymous_1)
FNF:2
FNH:1
FNDA:1384,(anonymous_0)
FNDA:0,(anonymous_1)
DA:1,2
DA:9,2
DA:15,1384
DA:16,1384
DA:17,1384
DA:27,0
LF:6
LH:5
BRDA:16,0,0,1384
BRDA:16,0,1,0
BRDA:17,1,0,1384
BRDA:17,1,1,1384
BRF:4
BRH:3
end_of_record
TN:
SF:domain/events/DomainEvents.ts
FN:25,(anonymous_0)
FN:37,(anonymous_1)
FN:53,(anonymous_2)
FN:63,(anonymous_3)
FN:71,(anonymous_4)
FN:78,(anonymous_5)
FN:82,(anonymous_6)
FN:83,(anonymous_7)
FN:88,(anonymous_8)
FN:93,(anonymous_9)
FN:100,(anonymous_10)
FN:106,(anonymous_11)
FN:107,(anonymous_12)
FN:112,(anonymous_13)
FN:113,(anonymous_14)
FNF:15
FNH:0
FNDA:0,(anonymous_0)
FNDA:0,(anonymous_1)
FNDA:0,(anonymous_2)
FNDA:0,(anonymous_3)
FNDA:0,(anonymous_4)
FNDA:0,(anonymous_5)
FNDA:0,(anonymous_6)
FNDA:0,(anonymous_7)
FNDA:0,(anonymous_8)
FNDA:0,(anonymous_9)
FNDA:0,(anonymous_10)
FNDA:0,(anonymous_11)
FNDA:0,(anonymous_12)
FNDA:0,(anonymous_13)
FNDA:0,(anonymous_14)
DA:2,0
DA:17,0
DA:18,0
DA:19,0
DA:26,0
DA:28,0
DA:29,0
DA:39,0
DA:40,0
DA:42,0
DA:43,0
DA:44,0
DA:45,0
DA:54,0
DA:55,0
DA:64,0
DA:65,0
DA:72,0
DA:79,0
DA:83,0
DA:84,0
DA:89,0
DA:92,0
DA:93,0
DA:94,0
DA:99,0
DA:100,0
DA:101,0
DA:107,0
DA:108,0
DA:113,0
DA:114,0
DA:115,0
LF:33
LH:0
BRDA:28,0,0,0
BRDA:39,1,0,0
BRDA:39,1,1,0
BRDA:42,2,0,0
BRDA:54,3,0,0
BRDA:54,3,1,0
BRDA:64,4,0,0
BRDA:64,4,1,0
BRDA:92,5,0,0
BRDA:99,6,0,0
BRDA:114,7,0,0
BRF:11
BRH:0
end_of_record
TN:
SF:domain/events/index.ts
FNF:0
FNH:0
DA:2,0
LF:1
LH:0
BRF:0
BRH:0
end_of_record
TN:
SF:domain/value-objects/Address.ts
FN:28,(anonymous_0)
FN:32,(anonymous_1)
FN:36,(anonymous_2)
FN:40,(anonymous_3)
FN:44,(anonymous_4)
FN:48,(anonymous_5)
FN:52,(anonymous_6)
FN:56,(anonymous_7)
FN:118,(anonymous_8)
FNF:9
FNH:0
FNDA:0,(anonymous_0)
FNDA:0,(anonymous_1)
FNDA:0,(anonymous_2)
FNDA:0,(anonymous_3)
FNDA:0,(anonymous_4)
FNDA:0,(anonymous_5)
FNDA:0,(anonymous_6)
FNDA:0,(anonymous_7)
FNDA:0,(anonymous_8)
DA:1,0
DA:2,0
DA:3,0
DA:27,0
DA:29,0
DA:33,0
DA:37,0
DA:41,0
DA:45,0
DA:49,0
DA:53,0
DA:58,0
DA:64,0
DA:65,0
DA:69,0
DA:70,0
DA:73,0
DA:74,0
DA:77,0
DA:78,0
DA:81,0
DA:82,0
DA:86,0
DA:87,0
DA:91,0
DA:92,0
DA:96,0
DA:100,0
DA:102,0
DA:103,0
DA:104,0
DA:105,0
DA:110,0
DA:111,0
DA:115,0
DA:119,0
DA:121,0
DA:122,0
DA:125,0
DA:126,0
DA:129,0
DA:131,0
DA:132,0
DA:135,0
LF:44
LH:0
BRDA:64,0,0,0
BRDA:69,1,0,0
BRDA:73,2,0,0
BRDA:77,3,0,0
BRDA:81,4,0,0
BRDA:86,5,0,0
BRDA:92,6,0,0
BRDA:93,7,0,0
BRDA:93,7,1,0
BRDA:93,7,2,0
BRDA:100,8,0,0
BRDA:102,9,0,0
BRDA:102,10,0,0
BRDA:102,10,1,0
BRDA:104,11,0,0
BRDA:110,12,0,0
BRDA:110,13,0,0
BRDA:110,13,1,0
BRDA:121,14,0,0
BRDA:125,15,0,0
BRDA:131,16,0,0
BRF:21
BRH:0
end_of_record
TN:
SF:domain/value-objects/DateRange.ts
FN:14,(anonymous_0)
FN:25,(anonymous_1)
FN:34,(anonymous_2)
FN:64,(anonymous_3)
FN:68,(anonymous_4)
FN:72,(anonymous_5)
FN:76,(anonymous_6)
FN:102,(anonymous_7)
FN:109,(anonymous_8)
FN:116,(anonymous_9)
FN:123,(anonymous_10)
FN:130,(anonymous_11)
FN:141,(anonymous_12)
FN:155,(anonymous_13)
FN:163,(anonymous_14)
FNF:15
FNH:13
FNDA:1384,(anonymous_0)
FNDA:1,(anonymous_1)
FNDA:0,(anonymous_2)
FNDA:2422,(anonymous_3)
FNDA:2321,(anonymous_4)
FNDA:1383,(anonymous_5)
FNDA:1484,(anonymous_6)
FNDA:505,(anonymous_7)
FNDA:573,(anonymous_8)
FNDA:203,(anonymous_9)
FNDA:102,(anonymous_10)
FNDA:1,(anonymous_11)
FNDA:95,(anonymous_12)
FNDA:0,(anonymous_13)
FNDA:1383,(anonymous_14)
DA:1,2
DA:2,2
DA:3,2
DA:4,2
DA:5,2
DA:6,2
DA:13,2
DA:15,1384
DA:19,1384
DA:26,1
DA:39,0
DA:40,0
DA:45,0
DA:46,0
DA:49,0
DA:50,0
DA:63,2
DA:65,2422
DA:69,2321
DA:73,1383
DA:77,1484
DA:82,1484
DA:83,0
DA:86,1484
DA:87,101
DA:90,1383
DA:93,1383
DA:94,1383
DA:96,1383
DA:103,505
DA:110,573
DA:117,203
DA:124,102
DA:131,1
DA:132,1
DA:133,1
DA:135,1
DA:142,95
DA:143,4
DA:146,91
DA:147,91
DA:149,91
DA:156,0
DA:166,1383
LF:44
LH:36
BRDA:17,0,0,0
BRDA:20,1,0,0
BRDA:20,1,1,1384
BRDA:45,2,0,0
BRDA:76,3,0,1479
BRDA:82,4,0,0
BRDA:86,5,0,101
BRDA:103,6,0,505
BRDA:103,6,1,404
BRDA:110,7,0,573
BRDA:110,7,1,493
BRDA:142,8,0,4
BRDA:146,9,0,56
BRDA:146,9,1,35
BRDA:147,10,0,39
BRDA:147,10,1,52
BRF:16
BRH:12
end_of_record
TN:
SF:domain/value-objects/Money.ts
FN:15,(anonymous_0)
FN:19,(anonymous_1)
FN:23,(anonymous_2)
FN:27,(anonymous_3)
FN:33,(anonymous_4)
FN:39,(anonymous_5)
FN:44,(anonymous_6)
FN:52,(anonymous_7)
FN:56,(anonymous_8)
FN:60,(anonymous_9)
FN:64,(anonymous_10)
FN:71,(anonymous_11)
FN:82,(anonymous_12)
FN:86,(anonymous_13)
FN:90,(anonymous_14)
FN:96,(anonymous_15)
FN:131,(anonymous_16)
FNF:17
FNH:0
FNDA:0,(anonymous_0)
FNDA:0,(anonymous_1)
FNDA:0,(anonymous_2)
FNDA:0,(anonymous_3)
FNDA:0,(anonymous_4)
FNDA:0,(anonymous_5)
FNDA:0,(anonymous_6)
FNDA:0,(anonymous_7)
FNDA:0,(anonymous_8)
FNDA:0,(anonymous_9)
FNDA:0,(anonymous_10)
FNDA:0,(anonymous_11)
FNDA:0,(anonymous_12)
FNDA:0,(anonymous_13)
FNDA:0,(anonymous_14)
FNDA:0,(anonymous_15)
FNDA:0,(anonymous_16)
DA:1,0
DA:2,0
DA:3,0
DA:10,0
DA:11,0
DA:12,0
DA:13,0
DA:16,0
DA:20,0
DA:24,0
DA:28,0
DA:29,0
DA:30,0
DA:34,0
DA:35,0
DA:36,0
DA:40,0
DA:41,0
DA:45,0
DA:46,0
DA:48,0
DA:49,0
DA:53,0
DA:57,0
DA:61,0
DA:65,0
DA:72,0
DA:83,0
DA:87,0
DA:91,0
DA:92,0
DA:97,0
DA:102,0
DA:103,0
DA:106,0
DA:107,0
DA:110,0
DA:111,0
DA:114,0
DA:115,0
DA:121,0
DA:123,0
DA:132,0
LF:43
LH:0
BRDA:45,0,0,0
BRDA:66,1,0,0
BRDA:66,1,1,0
BRDA:91,2,0,0
BRDA:102,3,0,0
BRDA:106,4,0,0
BRDA:110,5,0,0
BRDA:110,6,0,0
BRDA:110,6,1,0
BRDA:114,7,0,0
BRDA:131,8,0,0
BRF:11
BRH:0
end_of_record
TN:
SF:domain/value-objects/Quantity.ts
FN:5,(anonymous_0)
FN:30,(anonymous_1)
FN:34,(anonymous_2)
FN:38,(anonymous_3)
FN:42,(anonymous_4)
FN:63,(anonymous_5)
FN:71,(anonymous_6)
FN:84,(anonymous_7)
FN:92,(anonymous_8)
FN:96,(anonymous_9)
FN:100,(anonymous_10)
FN:104,(anonymous_11)
FNF:12
FNH:0
FNDA:0,(anonymous_0)
FNDA:0,(anonymous_1)
FNDA:0,(anonymous_2)
FNDA:0,(anonymous_3)
FNDA:0,(anonymous_4)
FNDA:0,(anonymous_5)
FNDA:0,(anonymous_6)
FNDA:0,(anonymous_7)
FNDA:0,(anonymous_8)
FNDA:0,(anonymous_9)
FNDA:0,(anonymous_10)
FNDA:0,(anonymous_11)
DA:1,0
DA:2,0
DA:3,0
DA:5,0
DA:6,0
DA:7,0
DA:8,0
DA:9,0
DA:10,0
DA:11,0
DA:12,0
DA:29,0
DA:31,0
DA:35,0
DA:39,0
DA:43,0
DA:48,0
DA:49,0
DA:52,0
DA:53,0
DA:56,0
DA:57,0
DA:60,0
DA:64,0
DA:65,0
DA:68,0
DA:72,0
DA:73,0
DA:76,0
DA:77,0
DA:78,0
DA:81,0
DA:85,0
DA:86,0
DA:89,0
DA:93,0
DA:97,0
DA:101,0
DA:105,0
DA:106,0
DA:108,0
DA:109,0
DA:111,0
LF:43
LH:0
BRDA:5,0,0,0
BRDA:5,0,1,0
BRDA:48,1,0,0
BRDA:52,2,0,0
BRDA:56,3,0,0
BRDA:64,4,0,0
BRDA:72,5,0,0
BRDA:77,6,0,0
BRDA:85,7,0,0
BRDA:105,8,0,0
BRDA:105,9,0,0
BRDA:105,9,1,0
BRDA:108,10,0,0
BRDA:111,11,0,0
BRDA:111,11,1,0
BRF:15
BRH:0
end_of_record
TN:
SF:domain/value-objects/TimeSlot.ts
FN:25,(anonymous_0)
FN:29,(anonymous_1)
FN:33,(anonymous_2)
FN:37,(anonymous_3)
FN:41,(anonymous_4)
FN:76,(anonymous_5)
FN:83,(anonymous_6)
FN:88,(anonymous_7)
FN:93,(anonymous_8)
FN:98,(anonymous_9)
FN:99,(anonymous_10)
FN:103,(anonymous_11)
FN:116,(anonymous_12)
FNF:13
FNH:8
FNDA:9,(anonymous_0)
FNDA:8,(anonymous_1)
FNDA:1,(anonymous_2)
FNDA:6,(anonymous_3)
FNDA:8,(anonymous_4)
FNDA:0,(anonymous_5)
FNDA:4,(anonymous_6)
FNDA:4,(anonymous_7)
FNDA:4,(anonymous_8)
FNDA:0,(anonymous_9)
FNDA:0,(anonymous_10)
FNDA:0,(anonymous_11)
FNDA:0,(anonymous_12)
DA:1,1
DA:2,1
DA:3,1
DA:4,1
DA:21,1
DA:22,1
DA:23,1
DA:26,9
DA:30,8
DA:34,1
DA:38,6
DA:42,8
DA:47,8
DA:48,0
DA:51,8
DA:52,1
DA:56,7
DA:57,4
DA:58,4
DA:59,1
DA:63,6
DA:65,6
DA:66,0
DA:69,6
DA:70,0
DA:73,6
DA:77,0
DA:84,4
DA:85,4
DA:89,4
DA:90,4
DA:94,4
DA:95,4
DA:99,0
DA:100,0
DA:103,0
DA:104,0
DA:108,0
DA:109,0
DA:113,0
DA:117,0
DA:118,0
DA:120,0
DA:121,0
DA:125,0
LF:45
LH:29
BRDA:41,0,0,0
BRDA:41,1,0,0
BRDA:47,2,0,0
BRDA:51,3,0,1
BRDA:56,4,0,4
BRDA:58,5,0,1
BRDA:65,6,0,0
BRDA:69,7,0,0
BRDA:78,8,0,0
BRDA:78,8,1,0
BRDA:78,8,2,0
BRDA:78,8,3,0
BRDA:83,9,0,0
BRDA:85,10,0,4
BRDA:85,10,1,3
BRDA:88,11,0,0
BRDA:93,12,0,0
BRDA:108,13,0,0
BRDA:117,14,0,0
BRDA:117,15,0,0
BRDA:117,15,1,0
BRDA:120,16,0,0
BRDA:126,17,0,0
BRDA:126,17,1,0
BRF:24
BRH:5
end_of_record
TN:
SF:domain/value-objects/index.ts
FNF:0
FNH:0
DA:2,0
DA:3,0
DA:4,0
DA:5,0
LF:4
LH:0
BRF:0
BRH:0
end_of_record
